\o Program:		@(#)$CDS: libManager version 6.1.6 - CAT33 08/24/2014 13:49 (sjfnl844) $
\o Sub version:		sub-version  s012 
\o Arguments:		-mpssession virtuoso52421 -mpshost ssh-soc 
\o Working Directory:	ssh-soc:/ubc/ece/home/ugrads/v/v6d9/ELEC402/Modelsim_50995133/ELEC402/cds
\o 64-bit offsets
\o Qt version: 		4.7.2
\o Log file is "/ubc/ece/home/ugrads/v/v6d9/ELEC402/Modelsim_50995133/ELEC402/cds/libManager.log".
\o Opening libManager window.
\a nrSetCurrentWindow(cdsLibManager)
\a nrResizeWindow(cdsLibManager list(0 231 600 400))
\o changeWorkingDir("/ubc/ece/home/ugrads/v/v6d9/ELEC402/Modelsim_50995133/ELEC402/cds") unnecessary.
\o ddSetForcedLib("") unnecessary.
\o MPS service: map window
\o Library Manager customization server connected.
\a nrResizeWindow(cdsLibManager list(0 85 807 546))
\a nrResizeWindow(cdsLibManager list(0 82 807 549))
\a cdsLibManager->FileNewLibButton->value = t
\a nrSetWindowVisibility(NewLibShell "show")
\a NewLibShell->QLineEdit2->value = "/ubc/ece/home/ugrads/v/v6d9/ELEC402/Modelsim_50995133/ELEC402/cds/"
\a nrSetCurrentWindow(NewLibShell)
\a nrSetCurrentWindow(NewLibShell->subDialog)
\a nrResizeWindow(NewLibShell list(150 77 507 559))
\a NewLibShell->newLibNameText->value = "ELEC402"
\a NewLibShell->newLibOKButton->value = t
\a NewLibShell->subDialog->value = '("/ubc/ece/home/ugrads/v/v6d9/ELEC402/Modelsim_50995133/ELEC402/cds" "/ubc/ece/home/ugrads/v/v6d9/ELEC402/Modelsim_50995133/ELEC402/cds/")
\a nrSetWindowVisibility(workingDialogForm "show")
\a nrSetCurrentWindow(workingDialogForm)
\o Created new library "ELEC402" at /ubc/ece/home/ugrads/v/v6d9/ELEC402/Modelsim_50995133/ELEC402/cds/ELEC402.
\a nrResizeWindow(workingDialogForm list(247 314 314 129))
\a nrSetCurrentWindow(NewLibShell)
\a nrSetCurrentWindow(cdsLibManager)
\a nrSetCurrentWindow(cdsLibManager)
\a nrSetCurrentWindow(cdsLibManager)
\o MPS service: map window
\a nrSetCurrentWindow(cdsLibManager)
\a cdsLibManager->libListBox->value = "ELEC402"
\a cdsLibManager->cellListBox->value = "NMOS_PMOS_transistor"
\a cdsLibManager->cellLineEdit->value = "NMOS_PMOS_transistor"
\a cdsLibManager->viewListBox->value = "schematic"
\a cdsLibManager->viewLineEdit->value = "schematic"
\a cdsLibManager->libLineEdit->value = "ELEC402"
\a cdsLibManager->viewListBox->value = nil
\a cdsLibManager->viewListBox->value = "schematic"
\a cdsLibManager->libListBox->value = nil
\a cdsLibManager->cellListBox->value = nil
\a cdsLibManager->viewLineEdit->value = ""
\a cdsLibManager->viewListBox->value = nil
\a cdsLibManager->cellLineEdit->value = ""
\a cdsLibManager->libLineEdit->value = ""
\a cdsLibManager->libListBox->value = "ELEC402"
\a cdsLibManager->libLineEdit->value = "ELEC402"
\a cdsLibManager->cellListBox->value = "NMOS_PMOS_transistor"
\a cdsLibManager->cellLineEdit->value = "NMOS_PMOS_transistor"
\a cdsLibManager->viewListBox->value = "schematic"
\a cdsLibManager->viewLineEdit->value = "schematic"
\a cdsLibManager->cellListBox->value = nil
\a cdsLibManager->viewLineEdit->value = ""
\a cdsLibManager->viewListBox->value = nil
\a cdsLibManager->cellLineEdit->value = ""
\a cdsLibManager->cellListBox->value = "NMOS_PMOS_transistor"
\a cdsLibManager->cellLineEdit->value = "NMOS_PMOS_transistor"
\a cdsLibManager->viewListBox->value = "schematic"
\a cdsLibManager->viewLineEdit->value = "schematic"
\a cdsLibManager->viewLineEdit->value = ""
\a cdsLibManager->viewListBox->value = nil
\a cdsLibManager->viewListBox->value = "schematic"
\a cdsLibManager->viewLineEdit->value = "schematic"
\a cdsLibManager->viewLineEdit->value = ""
\a cdsLibManager->viewListBox->value = nil
\a cdsLibManager->viewListBox->value = "schematic"
\a cdsLibManager->viewLineEdit->value = "schematic"
\a nrSetCurrentWindow(cdsLibManager)
\a nrSetCurrentWindow(cdsLibManager)
\a nrResizeWindow(cdsLibManager list(188 201 807 549))
\a nrResizeWindow(cdsLibManager list(752 31 807 549))
\a nrResizeWindow(cdsLibManager list(763 31 807 549))
\a nrResizeWindow(cdsLibManager list(53 260 807 549))
\a nrSetCurrentWindow(cdsLibManager)
\a nrSetCurrentWindow(cdsLibManager)
\a nrSetCurrentWindow(cdsLibManager)
\a nrResizeWindow(cdsLibManager list(-169 -275 807 549))
\a nrResizeWindow(cdsLibManager list(-174 -273 807 549))
\a nrResizeWindow(cdsLibManager list(412 -277 807 549))
\a cdsLibManager->libListBox->value = nil
\a cdsLibManager->cellListBox->value = nil
\a cdsLibManager->viewLineEdit->value = ""
\a cdsLibManager->viewListBox->value = nil
\a cdsLibManager->cellLineEdit->value = ""
\a cdsLibManager->libLineEdit->value = ""
\a cdsLibManager->libListBox->value = "ELEC402"
\a cdsLibManager->libLineEdit->value = "ELEC402"
\a cdsLibManager->cellListBox->value = "NMOS_PMOS_transistor"
\a cdsLibManager->cellLineEdit->value = "NMOS_PMOS_transistor"
\a cdsLibManager->viewListBox->value = "schematic"
\a cdsLibManager->viewLineEdit->value = "schematic"
\a cdsLibManager->cellListBox->value = nil
\a cdsLibManager->viewLineEdit->value = ""
\a cdsLibManager->viewListBox->value = nil
\a cdsLibManager->cellLineEdit->value = ""
\a cdsLibManager->cellListBox->value = "NMOS_PMOS_transistor"
\a cdsLibManager->cellLineEdit->value = "NMOS_PMOS_transistor"
\a cdsLibManager->viewListBox->value = "schematic"
\a cdsLibManager->viewLineEdit->value = "schematic"
\a cdsLibManager->viewLineEdit->value = ""
\a cdsLibManager->viewListBox->value = nil
\a cdsLibManager->viewListBox->value = "schematic"
\a cdsLibManager->viewLineEdit->value = "schematic"
\a cdsLibManager->viewLineEdit->value = ""
\a cdsLibManager->viewListBox->value = nil
\a cdsLibManager->viewListBox->value = "schematic"
\a cdsLibManager->viewLineEdit->value = "schematic"
\a nrSetCurrentWindow(cdsLibManager)
\a nrSetCurrentWindow(cdsLibManager)
\a cdsLibManager->libListBox->value = nil
\a cdsLibManager->cellListBox->value = nil
\a cdsLibManager->viewLineEdit->value = ""
\a cdsLibManager->viewListBox->value = nil
\a cdsLibManager->cellLineEdit->value = ""
\a cdsLibManager->libLineEdit->value = ""
\a cdsLibManager->libListBox->value = "ELEC402"
\a cdsLibManager->libLineEdit->value = "ELEC402"
\a cdsLibManager->cellListBox->value = "NMOS_PMOS_transistor"
\a cdsLibManager->cellLineEdit->value = "NMOS_PMOS_transistor"
\a cdsLibManager->viewListBox->value = "schematic"
\a cdsLibManager->viewLineEdit->value = "schematic"
\a cdsLibManager->cellListBox->value = nil
\a cdsLibManager->viewLineEdit->value = ""
\a cdsLibManager->viewListBox->value = nil
\a cdsLibManager->cellLineEdit->value = ""
\a cdsLibManager->cellListBox->value = "NMOS_PMOS_transistor"
\a cdsLibManager->cellLineEdit->value = "NMOS_PMOS_transistor"
\a cdsLibManager->viewListBox->value = "schematic"
\a cdsLibManager->viewLineEdit->value = "schematic"
\a cdsLibManager->viewLineEdit->value = ""
\a cdsLibManager->viewListBox->value = nil
\a cdsLibManager->viewListBox->value = "schematic"
\a cdsLibManager->viewLineEdit->value = "schematic"
\a cdsLibManager->viewLineEdit->value = ""
\a cdsLibManager->viewListBox->value = nil
\a cdsLibManager->viewListBox->value = "schematic"
\a cdsLibManager->viewLineEdit->value = "schematic"
\a cdsLibManager->libListBox->value = nil
\a cdsLibManager->cellListBox->value = nil
\a cdsLibManager->viewLineEdit->value = ""
\a cdsLibManager->viewListBox->value = nil
\a cdsLibManager->cellLineEdit->value = ""
\a cdsLibManager->libLineEdit->value = ""
\a cdsLibManager->libListBox->value = "ELEC402"
\a cdsLibManager->libLineEdit->value = "ELEC402"
\a cdsLibManager->cellListBox->value = "NMOS_PMOS_transistor"
\a cdsLibManager->cellLineEdit->value = "NMOS_PMOS_transistor"
\a cdsLibManager->viewListBox->value = "schematic"
\a cdsLibManager->viewLineEdit->value = "schematic"
\a cdsLibManager->cellListBox->value = nil
\a cdsLibManager->viewLineEdit->value = ""
\a cdsLibManager->viewListBox->value = nil
\a cdsLibManager->cellLineEdit->value = ""
\a cdsLibManager->cellListBox->value = "NMOS_PMOS_transistor"
\a cdsLibManager->cellLineEdit->value = "NMOS_PMOS_transistor"
\a cdsLibManager->viewListBox->value = "schematic"
\a cdsLibManager->viewLineEdit->value = "schematic"
\a cdsLibManager->viewLineEdit->value = ""
\a cdsLibManager->viewListBox->value = nil
\a cdsLibManager->viewListBox->value = "schematic"
\a cdsLibManager->viewLineEdit->value = "schematic"
\a cdsLibManager->viewLineEdit->value = ""
\a cdsLibManager->viewListBox->value = nil
\a cdsLibManager->viewListBox->value = "schematic"
\a cdsLibManager->viewLineEdit->value = "schematic"
\a nrSetCurrentWindow(cdsLibManager)
\a cdsLibManager->libListBox->value = nil
\a cdsLibManager->cellListBox->value = nil
\a cdsLibManager->viewLineEdit->value = ""
\a cdsLibManager->viewListBox->value = nil
\a cdsLibManager->cellLineEdit->value = ""
\a cdsLibManager->libLineEdit->value = ""
\a cdsLibManager->libListBox->value = "ELEC402"
\a cdsLibManager->libLineEdit->value = "ELEC402"
\a cdsLibManager->cellListBox->value = "NMOS_PMOS_transistor"
\a cdsLibManager->cellLineEdit->value = "NMOS_PMOS_transistor"
\a cdsLibManager->viewListBox->value = "schematic"
\a cdsLibManager->viewLineEdit->value = "schematic"
\a cdsLibManager->viewLineEdit->value = ""
\a cdsLibManager->viewListBox->value = nil
\a cdsLibManager->viewListBox->value = "schematic"
\a cdsLibManager->viewLineEdit->value = "schematic"
\a cdsLibManager->libListBox->value = nil
\a cdsLibManager->cellListBox->value = nil
\a cdsLibManager->viewLineEdit->value = ""
\a cdsLibManager->viewListBox->value = nil
\a cdsLibManager->cellLineEdit->value = ""
\a cdsLibManager->libLineEdit->value = ""
\a cdsLibManager->libListBox->value = "ELEC402"
\a cdsLibManager->libLineEdit->value = "ELEC402"
\a cdsLibManager->cellListBox->value = "NMOS_PMOS_transistor"
\a cdsLibManager->cellLineEdit->value = "NMOS_PMOS_transistor"
\a cdsLibManager->viewListBox->value = "schematic"
\a cdsLibManager->viewLineEdit->value = "schematic"
\a cdsLibManager->viewLineEdit->value = ""
\a cdsLibManager->viewListBox->value = nil
\a cdsLibManager->viewListBox->value = "schematic"
\a cdsLibManager->viewLineEdit->value = "schematic"
\a cdsLibManager->libListBox->value = nil
\a cdsLibManager->cellListBox->value = nil
\a cdsLibManager->viewLineEdit->value = ""
\a cdsLibManager->viewListBox->value = nil
\a cdsLibManager->cellLineEdit->value = ""
\a cdsLibManager->libLineEdit->value = ""
\a cdsLibManager->libListBox->value = "ELEC402"
\a cdsLibManager->libLineEdit->value = "ELEC402"
\a cdsLibManager->cellListBox->value = "NMOS_PMOS_transistor"
\a cdsLibManager->cellLineEdit->value = "NMOS_PMOS_transistor"
\a cdsLibManager->viewListBox->value = "schematic"
\a cdsLibManager->viewLineEdit->value = "schematic"
\a cdsLibManager->viewLineEdit->value = ""
\a cdsLibManager->viewListBox->value = nil
\a cdsLibManager->viewListBox->value = "schematic"
\a cdsLibManager->viewLineEdit->value = "schematic"
\a cdsLibManager->libListBox->value = nil
\a cdsLibManager->cellListBox->value = nil
\a cdsLibManager->viewLineEdit->value = ""
\a cdsLibManager->viewListBox->value = nil
\a cdsLibManager->cellLineEdit->value = ""
\a cdsLibManager->libLineEdit->value = ""
\a cdsLibManager->libListBox->value = "ELEC402"
\a cdsLibManager->libLineEdit->value = "ELEC402"
\a cdsLibManager->cellListBox->value = "NMOS_PMOS_transistor"
\a cdsLibManager->cellLineEdit->value = "NMOS_PMOS_transistor"
\a cdsLibManager->viewListBox->value = "schematic"
\a cdsLibManager->viewLineEdit->value = "schematic"
\a cdsLibManager->viewLineEdit->value = ""
\a cdsLibManager->viewListBox->value = nil
\a cdsLibManager->viewListBox->value = "schematic"
\a cdsLibManager->viewLineEdit->value = "schematic"
\a cdsLibManager->libListBox->value = nil
\a cdsLibManager->cellListBox->value = nil
\a cdsLibManager->viewLineEdit->value = ""
\a cdsLibManager->viewListBox->value = nil
\a cdsLibManager->cellLineEdit->value = ""
\a cdsLibManager->libLineEdit->value = ""
\a cdsLibManager->libListBox->value = "ELEC402"
\a cdsLibManager->libLineEdit->value = "ELEC402"
\a cdsLibManager->cellListBox->value = "NMOS_PMOS_transistor"
\a cdsLibManager->cellLineEdit->value = "NMOS_PMOS_transistor"
\a cdsLibManager->viewListBox->value = "schematic"
\a cdsLibManager->viewLineEdit->value = "schematic"
\a cdsLibManager->viewLineEdit->value = ""
\a cdsLibManager->viewListBox->value = nil
\a cdsLibManager->viewListBox->value = "schematic"
\a cdsLibManager->viewLineEdit->value = "schematic"
\a cdsLibManager->libListBox->value = nil
\a cdsLibManager->cellListBox->value = nil
\a cdsLibManager->viewLineEdit->value = ""
\a cdsLibManager->viewListBox->value = nil
\a cdsLibManager->cellLineEdit->value = ""
\a cdsLibManager->libLineEdit->value = ""
\a cdsLibManager->libListBox->value = "ELEC402"
\a cdsLibManager->libLineEdit->value = "ELEC402"
\a cdsLibManager->cellListBox->value = "NMOS_PMOS_transistor"
\a cdsLibManager->cellLineEdit->value = "NMOS_PMOS_transistor"
\a cdsLibManager->viewListBox->value = "schematic"
\a cdsLibManager->viewLineEdit->value = "schematic"
\a cdsLibManager->viewLineEdit->value = ""
\a cdsLibManager->viewListBox->value = nil
\a cdsLibManager->viewListBox->value = "schematic"
\a cdsLibManager->viewLineEdit->value = "schematic"
\a cdsLibManager->libListBox->value = nil
\a cdsLibManager->cellListBox->value = nil
\a cdsLibManager->viewLineEdit->value = ""
\a cdsLibManager->viewListBox->value = nil
\a cdsLibManager->cellLineEdit->value = ""
\a cdsLibManager->libLineEdit->value = ""
\a cdsLibManager->libListBox->value = "ELEC402"
\a cdsLibManager->libLineEdit->value = "ELEC402"
\a cdsLibManager->cellListBox->value = "NMOS_PMOS_transistor"
\a cdsLibManager->cellLineEdit->value = "NMOS_PMOS_transistor"
\a cdsLibManager->viewListBox->value = "schematic"
\a cdsLibManager->viewLineEdit->value = "schematic"
\a cdsLibManager->viewLineEdit->value = ""
\a cdsLibManager->viewListBox->value = nil
\a cdsLibManager->viewListBox->value = "schematic"
\a cdsLibManager->viewLineEdit->value = "schematic"
\a cdsLibManager->libListBox->value = nil
\a cdsLibManager->cellListBox->value = nil
\a cdsLibManager->viewLineEdit->value = ""
\a cdsLibManager->viewListBox->value = nil
\a cdsLibManager->cellLineEdit->value = ""
\a cdsLibManager->libLineEdit->value = ""
\a cdsLibManager->libListBox->value = "ELEC402"
\a cdsLibManager->libLineEdit->value = "ELEC402"
\a cdsLibManager->cellListBox->value = "NMOS_PMOS_transistor"
\a cdsLibManager->cellLineEdit->value = "NMOS_PMOS_transistor"
\a cdsLibManager->viewListBox->value = "schematic"
\a cdsLibManager->viewLineEdit->value = "schematic"
\a cdsLibManager->viewLineEdit->value = ""
\a cdsLibManager->viewListBox->value = nil
\a cdsLibManager->viewListBox->value = "schematic"
\a cdsLibManager->viewLineEdit->value = "schematic"
\a cdsLibManager->libListBox->value = nil
\a cdsLibManager->cellListBox->value = nil
\a cdsLibManager->viewLineEdit->value = ""
\a cdsLibManager->viewListBox->value = nil
\a cdsLibManager->cellLineEdit->value = ""
\a cdsLibManager->libLineEdit->value = ""
\a cdsLibManager->libListBox->value = "ELEC402"
\a cdsLibManager->libLineEdit->value = "ELEC402"
\a cdsLibManager->cellListBox->value = "NMOS_PMOS_transistor"
\a cdsLibManager->cellLineEdit->value = "NMOS_PMOS_transistor"
\a cdsLibManager->viewListBox->value = "schematic"
\a cdsLibManager->viewLineEdit->value = "schematic"
\a cdsLibManager->viewLineEdit->value = ""
\a cdsLibManager->viewListBox->value = nil
\a cdsLibManager->viewListBox->value = "schematic"
\a cdsLibManager->viewLineEdit->value = "schematic"
\a cdsLibManager->libListBox->value = nil
\a cdsLibManager->cellListBox->value = nil
\a cdsLibManager->viewLineEdit->value = ""
\a cdsLibManager->viewListBox->value = nil
\a cdsLibManager->cellLineEdit->value = ""
\a cdsLibManager->libLineEdit->value = ""
\a cdsLibManager->libListBox->value = "ELEC402"
\a cdsLibManager->libLineEdit->value = "ELEC402"
\a cdsLibManager->cellListBox->value = "NMOS_PMOS_transistor"
\a cdsLibManager->cellLineEdit->value = "NMOS_PMOS_transistor"
\a cdsLibManager->viewListBox->value = "schematic"
\a cdsLibManager->viewLineEdit->value = "schematic"
\a cdsLibManager->viewLineEdit->value = ""
\a cdsLibManager->viewListBox->value = nil
\a cdsLibManager->viewListBox->value = "schematic"
\a cdsLibManager->viewLineEdit->value = "schematic"
\a cdsLibManager->libListBox->value = nil
\a cdsLibManager->cellListBox->value = nil
\a cdsLibManager->viewLineEdit->value = ""
\a cdsLibManager->viewListBox->value = nil
\a cdsLibManager->cellLineEdit->value = ""
\a cdsLibManager->libLineEdit->value = ""
\a cdsLibManager->libListBox->value = "ELEC402"
\a cdsLibManager->libLineEdit->value = "ELEC402"
\a cdsLibManager->cellListBox->value = "NMOS_PMOS_transistor"
\a cdsLibManager->cellLineEdit->value = "NMOS_PMOS_transistor"
\a cdsLibManager->viewListBox->value = "schematic"
\a cdsLibManager->viewLineEdit->value = "schematic"
\a cdsLibManager->viewLineEdit->value = ""
\a cdsLibManager->viewListBox->value = nil
\a cdsLibManager->viewListBox->value = "schematic"
\a cdsLibManager->viewLineEdit->value = "schematic"
\a nrSetCurrentWindow(cdsLibManager)
\a nrSetWindowVisibility(cdsLibManager "hide")
\o libManager is exiting.
\a exit(0)
