============================================================
  Generated by:           Encounter(R) RTL Compiler RC14.13 - v14.10-s027_1
  Generated on:           Sep 27 2018  04:07:46 pm
  Module:                 P2Blender
  Technology library:     slow_vdd1v0 1.0
  Operating conditions:   PVT_0P9V_125C (balanced_tree)
  Wireload mode:          enclosed
  Area mode:              timing library
============================================================

                              
   Gate    Instances   Area       Library    
---------------------------------------------
AND2X1             2    2.736    slow_vdd1v0 
AND2XL             2    2.736    slow_vdd1v0 
AO21XL             1    2.394    slow_vdd1v0 
AOI211XL           1    2.052    slow_vdd1v0 
AOI21X1            6   10.260    slow_vdd1v0 
AOI221X1           4    9.576    slow_vdd1v0 
AOI22X1            2    4.104    slow_vdd1v0 
AOI22XL            2    4.104    slow_vdd1v0 
AOI2BB1XL          1    2.052    slow_vdd1v0 
AOI31X1            1    2.052    slow_vdd1v0 
AOI32X1            1    2.394    slow_vdd1v0 
AOI33XL            1    2.394    slow_vdd1v0 
DFFHQX1            5   27.360    slow_vdd1v0 
INVX1             10    6.840    slow_vdd1v0 
INVXL             16   10.944    slow_vdd1v0 
MXI2XL             1    2.394    slow_vdd1v0 
NAND2BX1           2    2.736    slow_vdd1v0 
NAND2BXL           1    1.368    slow_vdd1v0 
NAND2X1           16   16.416    slow_vdd1v0 
NAND2XL           13   13.338    slow_vdd1v0 
NAND3BXL           2    3.420    slow_vdd1v0 
NAND3XL            1    1.710    slow_vdd1v0 
NAND4BX1           1    2.394    slow_vdd1v0 
NAND4XL            1    1.710    slow_vdd1v0 
NOR2BX1           11   15.048    slow_vdd1v0 
NOR2X1            17   17.442    slow_vdd1v0 
NOR2XL            21   21.546    slow_vdd1v0 
NOR3X1             1    1.710    slow_vdd1v0 
NOR3XL             1    1.710    slow_vdd1v0 
NOR4X1             3    5.130    slow_vdd1v0 
OAI211X1           6   10.260    slow_vdd1v0 
OAI21X1            2    3.420    slow_vdd1v0 
OAI21XL            2    3.420    slow_vdd1v0 
OAI221X1           5   11.970    slow_vdd1v0 
OAI222X1           2    5.472    slow_vdd1v0 
OAI22X1            2    4.104    slow_vdd1v0 
OAI2BB1X1          2    3.420    slow_vdd1v0 
OAI31X1            4    8.208    slow_vdd1v0 
OR2X1              4    5.472    slow_vdd1v0 
OR2XL              3    4.104    slow_vdd1v0 
OR4X1              3    6.156    slow_vdd1v0 
---------------------------------------------
total            182  266.076                


                                    
   Type    Instances   Area  Area % 
------------------------------------
sequential         5  27.360   10.3 
inverter          26  17.784    6.7 
logic            151 220.932   83.0 
------------------------------------
total            182 266.076  100.0 

