###############################################################
#  Generated by:      Cadence Encounter 14.13-s036_1
#  OS:                Linux x86_64(Host ID ssh-soc)
#  Generated on:      Sat Nov 24 20:43:17 2018
#  Design:            P2Blender
#  Command:           verify_drc -report P2Blender.drc.rpt -limit 1000
###############################################################

SHORT: Special Wire of Net VDD  ( Metal1 )
Bounds : ( 24.000, 2.980 ) ( 31.200, 3.100 )


SHORT: Special Wire of Net VDD  ( Metal1 )
Bounds : ( 27.800, 6.400 ) ( 31.000, 6.520 )


SHORT: Special Wire of Net VDD  ( Metal1 )
Bounds : ( 25.800, 9.820 ) ( 31.000, 9.940 )


SHORT: Special Wire of Net VDD  ( Metal1 )
Bounds : ( 25.600, 13.240 ) ( 30.400, 13.360 )


SHORT: Special Wire of Net VDD  ( Metal1 )
Bounds : ( 25.000, 16.660 ) ( 30.600, 16.780 )


SHORT: Special Wire of Net VSS  ( Metal1 )
Bounds : ( 28.000, 4.690 ) ( 31.200, 4.810 )


SHORT: Special Wire of Net VSS  ( Metal1 )
Bounds : ( 27.800, 4.690 ) ( 31.000, 4.810 )


SHORT: Special Wire of Net VSS  ( Metal1 )
Bounds : ( 26.200, 8.110 ) ( 31.000, 8.230 )


SHORT: Special Wire of Net VSS  ( Metal1 )
Bounds : ( 28.800, 11.530 ) ( 30.400, 11.650 )


SHORT: Special Wire of Net VSS  ( Metal1 )
Bounds : ( 24.600, 18.370 ) ( 30.600, 18.490 )


EndOfLine: Regular Wire of Net n_151 & Regular Wire of Net n_156  ( Metal1 )
Bounds : ( 18.270, 20.940 ) ( 18.315, 21.000 )


SPACING: Regular Wire of Net n_121 & Regular Wire of Net n_152  ( Metal1 )
Bounds : ( 15.190, 20.930 ) ( 15.235, 20.990 )


SPACING: Regular Wire of Net n_156  ( Metal1 )
Bounds : ( 18.270, 20.940 ) ( 18.315, 21.000 )


SHORT: Regular Wire of Net n_159 & Regular Wire of Net n_156  ( Metal2 )
Bounds : ( 18.460, 20.930 ) ( 18.540, 21.010 )


 Regular Wire of Net n_127  ( Metal2 )
Bounds : ( 12.660, 20.930 ) ( 12.740, 21.060 )


 Regular Wire of Net n_127  ( Metal2 )
Bounds : ( 7.260, 20.930 ) ( 7.340, 21.060 )


SHORT: Special Wire of Net VDD  ( Metal1 )
Bounds : ( 12.400, 2.980 ) ( 15.600, 3.100 )


SHORT: Special Wire of Net VDD  ( Metal1 )
Bounds : ( 13.600, 6.400 ) ( 14.800, 6.520 )


SHORT: Special Wire of Net VDD  ( Metal1 )
Bounds : ( 14.000, 6.400 ) ( 15.200, 6.520 )


SHORT: Special Wire of Net VDD  ( Metal1 )
Bounds : ( 12.400, 9.820 ) ( 16.200, 9.940 )


SHORT: Special Wire of Net VDD  ( Metal1 )
Bounds : ( 11.600, 13.240 ) ( 14.600, 13.360 )


SHORT: Special Wire of Net VDD  ( Metal1 )
Bounds : ( 12.400, 16.660 ) ( 14.600, 16.780 )


SHORT: Special Wire of Net VDD  ( Metal1 )
Bounds : ( 10.800, 20.080 ) ( 16.400, 20.200 )


SHORT: Special Wire of Net VSS  ( Metal1 )
Bounds : ( 12.400, 4.690 ) ( 20.800, 4.810 )


SHORT: Special Wire of Net VSS  ( Metal1 )
Bounds : ( 8.800, 8.110 ) ( 14.800, 8.230 )


SHORT: Special Wire of Net VSS  ( Metal1 )
Bounds : ( 12.400, 11.530 ) ( 15.400, 11.650 )


SHORT: Special Wire of Net VSS  ( Metal1 )
Bounds : ( 11.400, 14.950 ) ( 14.600, 15.070 )


SHORT: Special Wire of Net VSS  ( Metal1 )
Bounds : ( 10.800, 18.370 ) ( 16.400, 18.490 )


SPACING: Regular Wire of Net n_7  ( Metal1 )
Bounds : ( 14.230, 3.815 ) ( 14.260, 3.875 )


SHORT: Special Wire of Net VDD  ( Metal1 )
Bounds : ( 3.400, 2.980 ) ( 6.600, 3.100 )


SHORT: Special Wire of Net VDD  ( Metal1 )
Bounds : ( 7.000, 2.980 ) ( 10.200, 3.100 )


SHORT: Special Wire of Net VDD  ( Metal1 )
Bounds : ( 10.600, 2.980 ) ( 11.400, 3.100 )


SHORT: Special Wire of Net VSS  ( Metal1 )
Bounds : ( 3.400, 4.690 ) ( 10.200, 4.810 )


SHORT: Special Wire of Net VSS  ( Metal1 )
Bounds : ( 10.600, 4.690 ) ( 11.400, 4.810 )


SPACING: Regular Wire of Net clk  ( Metal1 )
Bounds : ( 3.905, 3.610 ) ( 3.945, 3.670 )


SPACING: Regular Wire of Net clk  ( Metal1 )
Bounds : ( 7.505, 3.610 ) ( 7.545, 3.670 )


SPACING: Regular Wire of Net n_10  ( Metal1 )
Bounds : ( 13.565, 3.775 ) ( 13.615, 3.790 )


SPACING: Regular Wire of Net n_10  ( Metal1 )
Bounds : ( 13.565, 3.790 ) ( 13.615, 3.870 )


SPACING: Regular Wire of Net n_10  ( Metal1 )
Bounds : ( 13.580, 3.775 ) ( 13.615, 3.800 )


SPACING: Regular Wire of Net n_25  ( Metal1 )
Bounds : ( 13.580, 3.410 ) ( 13.635, 3.450 )


 Regular Wire of Net n_25  ( Metal2 )
Bounds : ( 10.660, 3.830 ) ( 10.740, 3.960 )


 Regular Wire of Net y[1]  ( Metal4 )
Bounds : ( 1.060, 0.790 ) ( 1.140, 0.920 )


 Regular Wire of Net Mode[4]  ( Metal4 )
Bounds : ( 1.060, 1.930 ) ( 1.140, 2.060 )


 Regular Wire of Net Mode[2]  ( Metal5 )
Bounds : ( 3.035, 1.005 ) ( 3.165, 1.085 )


 Regular Wire of Net Mode[4]  ( Metal6 )
Bounds : ( 0.860, 1.930 ) ( 0.940, 2.060 )


 Regular Wire of Net Mode[2]  ( Metal8 )
Bounds : ( 0.060, 0.790 ) ( 0.140, 0.920 )


SHORT: Special Wire of Net VDD  ( Metal1 )
Bounds : ( 5.600, 6.400 ) ( 8.200, 6.520 )


SHORT: Special Wire of Net VDD  ( Metal1 )
Bounds : ( 5.800, 9.820 ) ( 7.200, 9.940 )


SHORT: Special Wire of Net VDD  ( Metal1 )
Bounds : ( 3.600, 13.240 ) ( 8.600, 13.360 )


SHORT: Special Wire of Net VDD  ( Metal1 )
Bounds : ( 5.800, 16.660 ) ( 8.200, 16.780 )


SHORT: Special Wire of Net VDD  ( Metal1 )
Bounds : ( 3.000, 20.080 ) ( 10.200, 20.200 )


SHORT: Special Wire of Net VSS  ( Metal1 )
Bounds : ( 5.800, 8.110 ) ( 6.600, 8.230 )


SHORT: Special Wire of Net VSS  ( Metal1 )
Bounds : ( 3.800, 11.530 ) ( 7.200, 11.650 )


SHORT: Special Wire of Net VSS  ( Metal1 )
Bounds : ( 3.600, 14.950 ) ( 8.600, 15.070 )


SHORT: Special Wire of Net VSS  ( Metal1 )
Bounds : ( 3.000, 18.370 ) ( 10.200, 18.490 )


SHORT: Regular Wire of Net Mode[1] & Regular Wire of Net n_33  ( Metal2 )
Bounds : ( 6.060, 15.860 ) ( 6.540, 15.905 )


SHORT: Regular Wire of Net n_21 & Regular Wire of Net Mode[1]  ( Metal2 )
Bounds : ( 4.860, 8.580 ) ( 4.940, 9.355 )


 Regular Wire of Net Mode[2]  ( Metal2 )
Bounds : ( 3.060, 8.770 ) ( 3.140, 8.900 )


 Regular Wire of Net Mode[2]  ( Metal3 )
Bounds : ( 3.035, 8.795 ) ( 3.165, 8.875 )


SHORT: Special Wire of Net VDD  ( Metal1 )
Bounds : ( 3.600, 6.400 ) ( 5.400, 6.520 )


SHORT: Special Wire of Net VSS  ( Metal1 )
Bounds : ( 3.000, 8.110 ) ( 5.200, 8.230 )


SPACING: Regular Wire of Net reset  ( Metal1 )
Bounds : ( 5.670, 5.340 ) ( 5.730, 5.375 )


SPACING: Regular Wire of Net state[0]  ( Metal1 )
Bounds : ( 6.005, 5.805 ) ( 6.035, 5.865 )


SPACING: Regular Wire of Net reset & Regular Wire of Net n_35  ( Metal1 )
Bounds : ( 4.400, 5.590 ) ( 4.435, 5.610 )


SPACING: Regular Wire of Net Mode[1] & Regular Wire of Net n_35  ( Metal1 )
Bounds : ( 5.000, 5.590 ) ( 5.035, 5.610 )


SPACING: Regular Wire of Net n_21  ( Metal1 )
Bounds : ( 4.030, 5.625 ) ( 4.060, 5.685 )


SPACING: Regular Wire of Net n_35  ( Metal1 )
Bounds : ( 5.235, 5.610 ) ( 5.265, 5.670 )


SPACING: Regular Wire of Net n_35  ( Metal1 )
Bounds : ( 4.635, 5.610 ) ( 4.665, 5.670 )


SHORT: Regular Wire of Net n_35 & Regular Wire of Net n_36  ( Metal2 )
Bounds : ( 4.660, 5.600 ) ( 4.740, 5.680 )


SHORT: Regular Wire of Net n_35 & Regular Wire of Net Mode[1]  ( Metal2 )
Bounds : ( 4.860, 5.600 ) ( 4.940, 5.680 )


SHORT: Regular Wire of Net n_21 & Regular Wire of Net reset  ( Metal2 )
Bounds : ( 4.260, 5.615 ) ( 4.340, 5.625 )


SHORT: Regular Wire of Net n_5 & Regular Wire of Net Mode[4]  ( Metal2 )
Bounds : ( 3.460, 8.795 ) ( 3.540, 8.800 )


 Regular Wire of Net n_5  ( Metal2 )
Bounds : ( 3.460, 8.580 ) ( 3.540, 8.800 )


 Regular Wire of Net n_35  ( Metal2 )
Bounds : ( 4.060, 5.160 ) ( 4.140, 5.380 )


 Regular Wire of Net Mode[0]  ( Metal2 )
Bounds : ( 3.660, 5.350 ) ( 3.740, 5.480 )


 Regular Wire of Net Mode[0]  ( Metal3 )
Bounds : ( 3.635, 5.375 ) ( 3.765, 5.455 )


 Regular Wire of Net Mode[3]  ( Metal5 )
Bounds : ( 3.835, 8.225 ) ( 3.965, 8.305 )


EndOfLine: Regular Wire of Net null  ( Metal1 )
Bounds : ( 4.280, 10.780 ) ( 4.335, 10.800 )


EndOfLine: Regular Wire of Net Mode[3]  ( Metal1 )
Bounds : ( 4.250, 10.680 ) ( 4.265, 10.740 )


SHORT: Special Wire of Net VDD  ( Metal1 )
Bounds : ( 3.000, 9.820 ) ( 5.200, 9.940 )


SPACING: Regular Wire of Net Mode[4]  ( Metal1 )
Bounds : ( 4.670, 10.965 ) ( 4.730, 11.000 )


SPACING: Regular Wire of Net Mode[3]  ( Metal1 )
Bounds : ( 3.430, 9.045 ) ( 3.460, 9.105 )


SHORT: Regular Wire of Net Mode[3]  ( Metal1 )
Bounds : ( 4.035, 10.730 ) ( 4.060, 10.730 )


SHORT: Regular Wire of Net Mode[3]  ( Metal1 )
Bounds : ( 4.035, 10.730 ) ( 4.060, 10.810 )


SPACING: Regular Wire of Net Mode[3]  ( Metal1 )
Bounds : ( 4.280, 10.780 ) ( 4.335, 10.800 )


SPACING: Regular Wire of Net n_23  ( Metal1 )
Bounds : ( 4.460, 10.690 ) ( 4.470, 10.695 )


SPACING: Regular Wire of Net n_24  ( Metal1 )
Bounds : ( 5.835, 12.290 ) ( 5.860, 12.310 )


SPACING: Regular Wire of Net Mode[0] & Regular Wire of Net n_114  ( Metal1 )
Bounds : ( 6.000, 9.010 ) ( 6.035, 9.030 )


SPACING: Regular Wire of Net n_4  ( Metal1 )
Bounds : ( 3.965, 10.885 ) ( 4.000, 10.960 )


SPACING: Regular Wire of Net n_4 & Regular Wire of Net n_5  ( Metal1 )
Bounds : ( 4.200, 9.010 ) ( 4.235, 9.030 )


SPACING: Regular Wire of Net n_5  ( Metal1 )
Bounds : ( 5.005, 10.475 ) ( 5.035, 10.535 )


SPACING: Regular Wire of Net Mode[3]  ( Metal1 )
Bounds : ( 3.985, 10.730 ) ( 4.035, 10.740 )


SPACING: Regular Wire of Net n_5  ( Metal1 )
Bounds : ( 4.435, 9.030 ) ( 4.465, 9.090 )


SHORT: Regular Wire of Net Mode[3] & Regular Wire of Net Mode[4]  ( Metal2 )
Bounds : ( 3.260, 9.010 ) ( 3.340, 9.140 )


SHORT: Regular Wire of Net Mode[2] & Regular Wire of Net Mode[3]  ( Metal2 )
Bounds : ( 4.060, 12.190 ) ( 4.140, 12.320 )


SHORT: Regular Wire of Net Mode[1] & Regular Wire of Net Mode[2]  ( Metal2 )
Bounds : ( 6.060, 12.190 ) ( 6.140, 12.360 )


SPACING: Regular Wire of Net Mode[3] & Regular Wire of Net n_4  ( Metal2 )
Bounds : ( 4.060, 9.090 ) ( 4.140, 9.150 )


SHORT: Regular Wire of Net n_5 & Regular Wire of Net n_21  ( Metal2 )
Bounds : ( 4.260, 8.995 ) ( 4.340, 9.125 )


SHORT: Regular Wire of Net n_5 & Regular Wire of Net n_21  ( Metal2 )
Bounds : ( 4.460, 9.250 ) ( 4.540, 9.380 )


SPACING: Regular Wire of Net n_23 & Regular Wire of Net n_5  ( Metal2 )
Bounds : ( 4.460, 10.545 ) ( 4.540, 10.585 )


 Regular Wire of Net n_4  ( Metal2 )
Bounds : ( 4.060, 8.915 ) ( 4.140, 9.090 )


 Regular Wire of Net n_23  ( Metal2 )
Bounds : ( 5.660, 12.380 ) ( 5.740, 12.535 )


 Regular Wire of Net n_103  ( Metal2 )
Bounds : ( 5.060, 10.795 ) ( 5.140, 10.990 )


 Regular Wire of Net Mode[2]  ( Metal2 )
Bounds : ( 6.060, 12.190 ) ( 6.140, 12.360 )


 Regular Wire of Net Mode[2]  ( Metal2 )
Bounds : ( 4.060, 12.190 ) ( 4.140, 12.320 )


 Regular Wire of Net n_23  ( Metal3 )
Bounds : ( 5.635, 12.405 ) ( 5.765, 12.485 )


EndOfLine: Regular Wire of Net null  ( Metal1 )
Bounds : ( 5.280, 15.800 ) ( 5.335, 15.820 )


EndOfLine: Regular Wire of Net n_6  ( Metal1 )
Bounds : ( 5.250, 15.860 ) ( 5.265, 15.920 )


SHORT: Special Wire of Net VDD  ( Metal1 )
Bounds : ( 4.000, 16.660 ) ( 4.600, 16.780 )


SHORT: Special Wire of Net VDD  ( Metal1 )
Bounds : ( 4.800, 16.660 ) ( 5.600, 16.780 )


SPACING: Regular Wire of Net n_23  ( Metal1 )
Bounds : ( 4.965, 15.640 ) ( 5.000, 15.715 )


SPACING: Regular Wire of Net Mode[0] & Regular Wire of Net n_33  ( Metal1 )
Bounds : ( 6.000, 15.850 ) ( 6.035, 15.870 )


SPACING: Regular Wire of Net n_33  ( Metal1 )
Bounds : ( 5.460, 15.905 ) ( 5.470, 15.910 )


SHORT: Regular Wire of Net n_6  ( Metal1 )
Bounds : ( 5.035, 15.790 ) ( 5.060, 15.870 )


SHORT: Regular Wire of Net n_6  ( Metal1 )
Bounds : ( 5.035, 15.870 ) ( 5.060, 15.870 )


SPACING: Regular Wire of Net n_6  ( Metal1 )
Bounds : ( 5.280, 15.800 ) ( 5.335, 15.820 )


SPACING: Regular Wire of Net n_6  ( Metal1 )
Bounds : ( 4.430, 15.885 ) ( 4.460, 15.945 )


SPACING: Regular Wire of Net n_6  ( Metal1 )
Bounds : ( 4.985, 15.860 ) ( 5.035, 15.870 )


SHORT: Regular Wire of Net Mode[3] & Regular Wire of Net Mode[4]  ( Metal2 )
Bounds : ( 5.260, 13.710 ) ( 5.340, 13.890 )


SHORT: Regular Wire of Net n_33 & Regular Wire of Net Mode[1]  ( Metal2 )
Bounds : ( 6.060, 15.835 ) ( 6.140, 15.965 )


SHORT: Regular Wire of Net n_33 & Regular Wire of Net n_102  ( Metal2 )
Bounds : ( 5.460, 15.800 ) ( 5.540, 16.015 )


SHORT: Regular Wire of Net n_6 & Regular Wire of Net n_18  ( Metal2 )
Bounds : ( 4.460, 15.610 ) ( 4.540, 15.640 )


SHORT: Regular Wire of Net n_6 & Regular Wire of Net Mode[4]  ( Metal2 )
Bounds : ( 5.060, 13.945 ) ( 5.140, 14.025 )


 Regular Wire of Net n_24  ( Metal2 )
Bounds : ( 4.260, 14.280 ) ( 4.340, 14.410 )


 Regular Wire of Net n_33  ( Metal2 )
Bounds : ( 5.460, 15.800 ) ( 5.540, 16.015 )


 Regular Wire of Net Mode[3]  ( Metal2 )
Bounds : ( 5.260, 13.710 ) ( 5.340, 13.890 )


SPACING: Regular Wire of Net Mode[4] & Regular Wire of Net Mode[0]  ( Metal1 )
Bounds : ( 3.200, 19.270 ) ( 3.235, 19.290 )


SPACING: Regular Wire of Net n_42  ( Metal1 )
Bounds : ( 4.835, 20.670 ) ( 4.860, 20.705 )


SPACING: Regular Wire of Net n_18  ( Metal1 )
Bounds : ( 5.235, 20.670 ) ( 5.330, 20.700 )


SPACING: Regular Wire of Net Mode[4]  ( Metal1 )
Bounds : ( 3.435, 19.290 ) ( 3.465, 19.350 )


SHORT: Regular Wire of Net n_86 & Regular Wire of Net Mode[4]  ( Metal2 )
Bounds : ( 5.260, 18.970 ) ( 5.340, 19.100 )


SHORT: Regular Wire of Net n_103 & Regular Wire of Net Mode[1]  ( Metal2 )
Bounds : ( 6.060, 19.070 ) ( 6.140, 19.160 )


SHORT: Regular Wire of Net n_18 & Regular Wire of Net Mode[1]  ( Metal2 )
Bounds : ( 4.660, 19.180 ) ( 4.740, 19.310 )


SPACING: Regular Wire of Net n_17 & Regular Wire of Net n_18  ( Metal2 )
Bounds : ( 4.660, 19.540 ) ( 4.740, 19.600 )


SPACING: Regular Wire of Net Mode[4] & Regular Wire of Net n_18  ( Metal2 )
Bounds : ( 5.260, 19.350 ) ( 5.340, 19.410 )


 Regular Wire of Net n_17  ( Metal2 )
Bounds : ( 3.460, 19.510 ) ( 3.540, 19.730 )


 Regular Wire of Net n_42  ( Metal2 )
Bounds : ( 4.860, 20.550 ) ( 4.940, 20.695 )


 Regular Wire of Net n_56  ( Metal2 )
Bounds : ( 11.860, 12.760 ) ( 11.940, 12.945 )


SHORT: Special Wire of Net VDD  ( Metal1 )
Bounds : ( 10.200, 6.400 ) ( 12.800, 6.520 )


SHORT: Special Wire of Net VDD  ( Metal1 )
Bounds : ( 8.800, 9.820 ) ( 11.400, 9.940 )


SHORT: Special Wire of Net VSS  ( Metal1 )
Bounds : ( 8.800, 11.530 ) ( 11.400, 11.650 )


 Regular Wire of Net n_79  ( Metal2 )
Bounds : ( 9.260, 8.770 ) ( 9.340, 8.965 )


 Regular Wire of Net n_51  ( Metal2 )
Bounds : ( 8.860, 8.770 ) ( 8.940, 8.900 )


 Regular Wire of Net n_51  ( Metal3 )
Bounds : ( 8.835, 8.795 ) ( 8.965, 8.875 )


EndOfLine: Regular Wire of Net n_123 & Regular Wire of Net n_11  ( Metal1 )
Bounds : ( 8.040, 5.580 ) ( 8.070, 5.590 )


SHORT: Special Wire of Net VDD  ( Metal1 )
Bounds : ( 9.000, 6.400 ) ( 10.200, 6.520 )


SHORT: Special Wire of Net VDD  ( Metal1 )
Bounds : ( 8.600, 6.400 ) ( 9.600, 6.520 )


SPACING: Regular Wire of Net n_51  ( Metal1 )
Bounds : ( 8.870, 8.760 ) ( 8.930, 8.795 )


SPACING: Regular Wire of Net n_99  ( Metal1 )
Bounds : ( 9.790, 6.970 ) ( 9.835, 7.010 )


SPACING: Regular Wire of Net n_76  ( Metal1 )
Bounds : ( 6.380, 5.420 ) ( 6.435, 5.430 )


SPACING: Regular Wire of Net n_11  ( Metal1 )
Bounds : ( 7.835, 5.640 ) ( 8.040, 5.680 )


SPACING: Regular Wire of Net n_36  ( Metal1 )
Bounds : ( 6.580, 5.370 ) ( 6.635, 5.450 )


SPACING: Regular Wire of Net n_11  ( Metal1 )
Bounds : ( 8.040, 5.580 ) ( 8.090, 5.640 )


SPACING: Regular Wire of Net n_99  ( Metal1 )
Bounds : ( 9.935, 6.930 ) ( 9.995, 6.980 )


SPACING: Regular Wire of Net n_99  ( Metal1 )
Bounds : ( 9.995, 6.930 ) ( 10.010, 6.980 )


SPACING: Regular Wire of Net n_187  ( Metal1 )
Bounds : ( 9.965, 7.465 ) ( 10.010, 7.545 )


SPACING: Regular Wire of Net n_98  ( Metal1 )
Bounds : ( 9.215, 5.565 ) ( 9.235, 5.630 )


SPACING: Regular Wire of Net n_98  ( Metal1 )
Bounds : ( 9.415, 5.575 ) ( 9.465, 5.635 )


SHORT: Regular Wire of Net n_99 & Regular Wire of Net n_123  ( Metal2 )
Bounds : ( 9.060, 7.250 ) ( 9.140, 7.365 )


SHORT: Regular Wire of Net n_187 & Regular Wire of Net n_99  ( Metal2 )
Bounds : ( 9.860, 6.945 ) ( 9.940, 7.075 )


SHORT: Regular Wire of Net n_101 & Regular Wire of Net n_187  ( Metal2 )
Bounds : ( 9.460, 5.375 ) ( 9.540, 5.455 )


SPACING: Regular Wire of Net n_123 & Regular Wire of Net n_11  ( Metal2 )
Bounds : ( 8.060, 5.650 ) ( 8.140, 5.680 )


SHORT: Regular Wire of Net n_45 & Regular Wire of Net n_76  ( Metal2 )
Bounds : ( 6.460, 7.465 ) ( 6.540, 7.545 )


 Regular Wire of Net n_76  ( Metal2 )
Bounds : ( 9.460, 7.440 ) ( 9.540, 7.570 )


 Regular Wire of Net n_98  ( Metal2 )
Bounds : ( 9.260, 5.540 ) ( 9.340, 5.670 )


 Regular Wire of Net n_77  ( Metal2 )
Bounds : ( 6.860, 5.730 ) ( 6.940, 5.925 )


 Regular Wire of Net n_77  ( Metal2 )
Bounds : ( 8.660, 5.730 ) ( 8.740, 5.860 )


 Regular Wire of Net n_71  ( Metal2 )
Bounds : ( 9.660, 7.440 ) ( 9.740, 7.570 )


EndOfLine: Regular Wire of Net n_45  ( Metal1 )
Bounds : ( 6.780, 10.440 ) ( 6.835, 10.470 )


SHORT: Special Wire of Net VDD  ( Metal1 )
Bounds : ( 7.800, 9.820 ) ( 8.200, 9.940 )


SHORT: Special Wire of Net VSS  ( Metal1 )
Bounds : ( 7.800, 11.530 ) ( 8.200, 11.650 )


SPACING: Regular Wire of Net Mode[0]  ( Metal1 )
Bounds : ( 6.435, 10.470 ) ( 6.580, 10.515 )


SPACING: Regular Wire of Net Mode[0]  ( Metal1 )
Bounds : ( 6.420, 10.470 ) ( 6.435, 10.515 )


SPACING: Regular Wire of Net n_99  ( Metal1 )
Bounds : ( 9.980, 9.210 ) ( 10.035, 9.270 )


SPACING: Regular Wire of Net n_90 & Regular Wire of Net n_132  ( Metal1 )
Bounds : ( 9.985, 10.695 ) ( 10.035, 10.720 )


SPACING: Regular Wire of Net n_85 & Regular Wire of Net n_80  ( Metal1 )
Bounds : ( 9.385, 12.460 ) ( 9.435, 12.485 )


SPACING: Regular Wire of Net n_78  ( Metal1 )
Bounds : ( 9.205, 9.225 ) ( 9.235, 9.285 )


SPACING: Regular Wire of Net n_45  ( Metal1 )
Bounds : ( 6.780, 10.440 ) ( 6.835, 10.470 )


SPACING: Regular Wire of Net n_45 & Regular Wire of Net n_78  ( Metal1 )
Bounds : ( 6.965, 10.390 ) ( 6.990, 10.440 )


SPACING: Regular Wire of Net n_45  ( Metal1 )
Bounds : ( 6.965, 10.440 ) ( 7.010, 10.520 )


SPACING: Regular Wire of Net n_114  ( Metal1 )
Bounds : ( 6.235, 9.030 ) ( 6.265, 9.090 )


SPACING: Regular Wire of Net n_45  ( Metal1 )
Bounds : ( 6.830, 10.390 ) ( 6.840, 10.440 )


SHORT: Regular Wire of Net n_155 & Regular Wire of Net n_99  ( Metal2 )
Bounds : ( 9.460, 9.200 ) ( 9.540, 9.280 )


SHORT: Regular Wire of Net n_78 & Regular Wire of Net n_99  ( Metal2 )
Bounds : ( 9.060, 9.190 ) ( 9.140, 9.280 )


SHORT: Regular Wire of Net n_78 & Regular Wire of Net n_99  ( Metal2 )
Bounds : ( 9.060, 9.215 ) ( 9.340, 9.280 )


SHORT: Regular Wire of Net n_78 & Regular Wire of Net n_80  ( Metal2 )
Bounds : ( 9.260, 10.695 ) ( 9.340, 10.775 )


SHORT: Regular Wire of Net n_45 & Regular Wire of Net n_114  ( Metal2 )
Bounds : ( 6.260, 9.250 ) ( 6.340, 9.280 )


 Regular Wire of Net n_78  ( Metal2 )
Bounds : ( 7.060, 10.210 ) ( 7.140, 10.420 )


 Regular Wire of Net n_80  ( Metal2 )
Bounds : ( 8.060, 11.050 ) ( 8.140, 11.180 )


 Regular Wire of Net n_133  ( Metal2 )
Bounds : ( 9.660, 8.960 ) ( 9.740, 9.105 )


 Regular Wire of Net Mode[0]  ( Metal2 )
Bounds : ( 6.460, 10.480 ) ( 6.540, 10.610 )


 Regular Wire of Net Mode[0]  ( Metal3 )
Bounds : ( 6.435, 10.505 ) ( 6.565, 10.585 )


EndOfLine: Regular Wire of Net n_187 & Regular Wire of Net state[2]  ( Metal1 )
Bounds : ( 12.275, 7.185 ) ( 12.345, 7.200 )


SHORT: Special Wire of Net VDD  ( Metal1 )
Bounds : ( 12.800, 6.400 ) ( 13.600, 6.520 )


SHORT: Special Wire of Net VDD  ( Metal1 )
Bounds : ( 13.200, 6.400 ) ( 13.800, 6.520 )


SHORT: Special Wire of Net VSS  ( Metal1 )
Bounds : ( 11.600, 11.530 ) ( 12.000, 11.650 )


SPACING: Regular Wire of Net n_141  ( Metal1 )
Bounds : ( 13.870, 12.180 ) ( 13.930, 12.215 )


SPACING: Regular Wire of Net n_108  ( Metal1 )
Bounds : ( 13.180, 10.910 ) ( 13.235, 10.920 )


SPACING: Regular Wire of Net n_135  ( Metal1 )
Bounds : ( 12.805, 10.475 ) ( 12.835, 10.535 )


SPACING: Regular Wire of Net n_47  ( Metal1 )
Bounds : ( 12.470, 10.965 ) ( 12.530, 11.000 )


SPACING: Regular Wire of Net state[1]  ( Metal1 )
Bounds : ( 13.630, 5.625 ) ( 13.660, 5.685 )


SPACING: Regular Wire of Net n_72  ( Metal1 )
Bounds : ( 14.205, 12.645 ) ( 14.235, 12.705 )


SPACING: Regular Wire of Net n_132  ( Metal1 )
Bounds : ( 13.780, 7.465 ) ( 13.835, 7.545 )


SPACING: Regular Wire of Net n_132  ( Metal1 )
Bounds : ( 13.380, 10.890 ) ( 13.435, 10.970 )


SPACING: Regular Wire of Net n_148  ( Metal1 )
Bounds : ( 11.165, 10.615 ) ( 11.215, 10.630 )


SPACING: Regular Wire of Net n_148  ( Metal1 )
Bounds : ( 11.165, 10.630 ) ( 11.215, 10.710 )


SPACING: Regular Wire of Net n_148  ( Metal1 )
Bounds : ( 11.180, 10.615 ) ( 11.215, 10.640 )


SPACING: Regular Wire of Net n_98  ( Metal1 )
Bounds : ( 14.010, 6.650 ) ( 14.035, 6.730 )


SPACING: Regular Wire of Net n_155  ( Metal1 )
Bounds : ( 11.180, 10.250 ) ( 11.235, 10.290 )


SHORT: Regular Wire of Net n_161 & Regular Wire of Net n_114  ( Metal2 )
Bounds : ( 10.460, 7.210 ) ( 10.540, 7.340 )


SHORT: Regular Wire of Net n_48 & Regular Wire of Net n_135  ( Metal2 )
Bounds : ( 12.860, 10.795 ) ( 12.940, 10.925 )


SHORT: Regular Wire of Net n_148 & Regular Wire of Net n_116  ( Metal2 )
Bounds : ( 10.260, 12.000 ) ( 10.340, 12.130 )


 Regular Wire of Net n_7  ( Metal2 )
Bounds : ( 13.660, 5.250 ) ( 13.740, 5.480 )


 Regular Wire of Net n_187  ( Metal2 )
Bounds : ( 12.460, 7.590 ) ( 12.540, 7.760 )


 Regular Wire of Net n_3  ( Metal2 )
Bounds : ( 11.060, 5.920 ) ( 11.140, 6.105 )


 Regular Wire of Net n_48  ( Metal2 )
Bounds : ( 10.660, 10.670 ) ( 10.740, 10.800 )


 Regular Wire of Net n_99  ( Metal2 )
Bounds : ( 13.460, 7.250 ) ( 13.540, 7.380 )


 Regular Wire of Net n_79  ( Metal2 )
Bounds : ( 10.260, 8.770 ) ( 10.340, 9.000 )


 Regular Wire of Net n_55  ( Metal2 )
Bounds : ( 11.660, 12.190 ) ( 11.740, 12.320 )


SHORT: Special Wire of Net VDD  ( Metal1 )
Bounds : ( 8.800, 13.240 ) ( 11.000, 13.360 )


EndOfLine: Regular Wire of Net n_24  ( Metal1 )
Bounds : ( 6.675, 13.860 ) ( 6.725, 13.920 )


EndOfLine: Regular Wire of Net n_24 & Regular Wire of Net n_64  ( Metal1 )
Bounds : ( 6.495, 14.085 ) ( 6.555, 14.145 )


SHORT: Special Wire of Net VDD  ( Metal1 )
Bounds : ( 8.400, 16.660 ) ( 8.800, 16.780 )


SPACING: Regular Wire of Net n_65  ( Metal1 )
Bounds : ( 6.785, 14.305 ) ( 6.835, 14.385 )


SPACING: Regular Wire of Net n_24  ( Metal1 )
Bounds : ( 6.675, 13.860 ) ( 6.725, 13.920 )


SPACING: Regular Wire of Net n_116  ( Metal1 )
Bounds : ( 8.190, 13.810 ) ( 8.235, 13.850 )


SPACING: Regular Wire of Net n_64  ( Metal1 )
Bounds : ( 6.235, 14.040 ) ( 6.335, 14.085 )


SPACING: Regular Wire of Net n_33  ( Metal1 )
Bounds : ( 6.235, 15.870 ) ( 6.265, 15.930 )


SPACING: Regular Wire of Net n_64 & Regular Wire of Net n_24  ( Metal1 )
Bounds : ( 6.435, 14.040 ) ( 6.495, 14.085 )


SPACING: Regular Wire of Net n_116  ( Metal1 )
Bounds : ( 8.335, 13.770 ) ( 8.395, 13.820 )


SPACING: Regular Wire of Net n_116  ( Metal1 )
Bounds : ( 8.395, 13.770 ) ( 8.410, 13.820 )


SPACING: Regular Wire of Net n_114  ( Metal1 )
Bounds : ( 8.365, 14.305 ) ( 8.410, 14.385 )


SHORT: Regular Wire of Net n_115 & Regular Wire of Net n_169  ( Metal2 )
Bounds : ( 7.660, 14.305 ) ( 7.740, 14.385 )


SHORT: Regular Wire of Net n_115 & Regular Wire of Net n_169  ( Metal2 )
Bounds : ( 7.460, 14.075 ) ( 7.540, 14.205 )


SHORT: Regular Wire of Net n_83 & Regular Wire of Net n_115  ( Metal2 )
Bounds : ( 7.460, 15.445 ) ( 7.540, 15.525 )


SHORT: Regular Wire of Net n_65 & Regular Wire of Net n_96  ( Metal2 )
Bounds : ( 7.260, 16.205 ) ( 7.340, 16.335 )


SHORT: Regular Wire of Net n_33 & Regular Wire of Net n_65  ( Metal2 )
Bounds : ( 6.860, 15.800 ) ( 6.940, 15.930 )


SHORT: Regular Wire of Net n_33 & Regular Wire of Net Mode[1]  ( Metal2 )
Bounds : ( 6.260, 15.825 ) ( 6.540, 15.905 )


SHORT: Regular Wire of Net n_114 & Regular Wire of Net n_169  ( Metal2 )
Bounds : ( 8.260, 14.280 ) ( 8.340, 14.410 )


 Regular Wire of Net n_64  ( Metal2 )
Bounds : ( 7.260, 14.470 ) ( 7.340, 14.600 )


 Regular Wire of Net n_115  ( Metal2 )
Bounds : ( 6.260, 13.605 ) ( 6.340, 13.840 )


SPACING: Regular Wire of Net Mode[1]  ( Metal1 )
Bounds : ( 7.835, 19.290 ) ( 7.860, 19.310 )


SPACING: Regular Wire of Net Mode[1] & Regular Wire of Net n_143  ( Metal1 )
Bounds : ( 6.400, 17.570 ) ( 6.435, 17.590 )


SPACING: Regular Wire of Net n_111 & Regular Wire of Net n_39  ( Metal1 )
Bounds : ( 6.590, 19.090 ) ( 6.635, 19.135 )


SPACING: Regular Wire of Net n_96 & Regular Wire of Net n_65  ( Metal1 )
Bounds : ( 7.400, 17.570 ) ( 7.435, 17.590 )


SPACING: Regular Wire of Net n_96  ( Metal1 )
Bounds : ( 7.635, 17.510 ) ( 7.665, 17.570 )


SPACING: Regular Wire of Net n_128  ( Metal1 )
Bounds : ( 9.615, 19.255 ) ( 9.665, 19.315 )


SPACING: Regular Wire of Net n_128  ( Metal1 )
Bounds : ( 9.415, 19.245 ) ( 9.435, 19.310 )


SPACING: Regular Wire of Net n_143  ( Metal1 )
Bounds : ( 6.635, 17.510 ) ( 6.665, 17.570 )


SHORT: Regular Wire of Net n_103 & Regular Wire of Net Mode[1]  ( Metal2 )
Bounds : ( 6.260, 17.555 ) ( 6.340, 17.685 )


SHORT: Regular Wire of Net n_143 & Regular Wire of Net n_103  ( Metal2 )
Bounds : ( 6.660, 17.725 ) ( 6.740, 17.805 )


SHORT: Regular Wire of Net n_121 & Regular Wire of Net n_96  ( Metal2 )
Bounds : ( 7.660, 17.220 ) ( 7.740, 17.350 )


SHORT: Regular Wire of Net n_121 & Regular Wire of Net n_96  ( Metal2 )
Bounds : ( 7.460, 17.475 ) ( 7.540, 17.605 )


SHORT: Regular Wire of Net n_39 & Regular Wire of Net n_143  ( Metal2 )
Bounds : ( 6.460, 17.475 ) ( 6.540, 17.605 )


SHORT: Regular Wire of Net n_39 & Regular Wire of Net n_103  ( Metal2 )
Bounds : ( 6.460, 17.725 ) ( 6.540, 17.805 )


 Regular Wire of Net n_39  ( Metal2 )
Bounds : ( 7.860, 17.700 ) ( 7.940, 17.830 )


 Regular Wire of Net n_128  ( Metal2 )
Bounds : ( 10.060, 18.840 ) ( 10.140, 18.970 )


 Regular Wire of Net n_152  ( Metal2 )
Bounds : ( 9.660, 19.790 ) ( 9.740, 19.945 )


 Regular Wire of Net n_137  ( Metal3 )
Bounds : ( 9.835, 19.055 ) ( 9.965, 19.135 )


 Regular Wire of Net n_137  ( Metal4 )
Bounds : ( 9.860, 19.030 ) ( 9.940, 19.160 )


SHORT: Special Wire of Net VDD  ( Metal1 )
Bounds : ( 11.400, 16.660 ) ( 12.000, 16.780 )


SHORT: Special Wire of Net VSS  ( Metal1 )
Bounds : ( 10.600, 14.950 ) ( 11.000, 15.070 )


SPACING: Regular Wire of Net n_135  ( Metal1 )
Bounds : ( 12.870, 15.600 ) ( 12.930, 15.635 )


SPACING: Regular Wire of Net n_111 & Regular Wire of Net n_102  ( Metal1 )
Bounds : ( 11.600, 15.850 ) ( 11.635, 15.870 )


SPACING: Regular Wire of Net n_126  ( Metal1 )
Bounds : ( 13.205, 16.065 ) ( 13.235, 16.125 )


SPACING: Regular Wire of Net n_83  ( Metal1 )
Bounds : ( 14.035, 14.005 ) ( 14.155, 14.050 )


SPACING: Regular Wire of Net n_136  ( Metal1 )
Bounds : ( 14.035, 13.610 ) ( 14.185, 13.655 )


SPACING: Regular Wire of Net Mode[0] & Regular Wire of Net n_64  ( Metal1 )
Bounds : ( 12.000, 14.150 ) ( 12.035, 14.170 )


SPACING: Regular Wire of Net n_117  ( Metal1 )
Bounds : ( 12.580, 14.330 ) ( 12.635, 14.340 )


SPACING: Regular Wire of Net n_117  ( Metal1 )
Bounds : ( 13.830, 15.885 ) ( 13.860, 15.945 )


SPACING: Regular Wire of Net n_72  ( Metal1 )
Bounds : ( 12.780, 14.310 ) ( 12.835, 14.390 )


SPACING: Regular Wire of Net Mode[0] & Regular Wire of Net n_52  ( Metal1 )
Bounds : ( 14.200, 15.850 ) ( 14.235, 15.870 )


SPACING: Regular Wire of Net n_148  ( Metal1 )
Bounds : ( 10.235, 12.945 ) ( 10.365, 12.995 )


SPACING: Regular Wire of Net n_64  ( Metal1 )
Bounds : ( 12.235, 14.090 ) ( 12.265, 14.150 )


SPACING: Regular Wire of Net n_111  ( Metal1 )
Bounds : ( 11.835, 15.870 ) ( 11.865, 15.930 )


SHORT: Regular Wire of Net n_126 & Regular Wire of Net n_140  ( Metal2 )
Bounds : ( 13.260, 15.675 ) ( 13.340, 15.805 )


SHORT: Regular Wire of Net n_126 & Regular Wire of Net n_140  ( Metal2 )
Bounds : ( 13.060, 16.030 ) ( 13.140, 16.160 )


SHORT: Regular Wire of Net n_117 & Regular Wire of Net n_64  ( Metal2 )
Bounds : ( 12.460, 14.470 ) ( 12.540, 14.600 )


SHORT: Regular Wire of Net n_72 & Regular Wire of Net n_135  ( Metal2 )
Bounds : ( 12.860, 14.285 ) ( 12.940, 14.415 )


 Regular Wire of Net n_146  ( Metal2 )
Bounds : ( 13.860, 15.420 ) ( 13.940, 15.640 )


 Regular Wire of Net Mode[0]  ( Metal2 )
Bounds : ( 14.060, 15.755 ) ( 14.140, 15.930 )


SPACING: Regular Wire of Net n_149  ( Metal1 )
Bounds : ( 13.270, 17.805 ) ( 13.330, 17.840 )


SPACING: Regular Wire of Net n_50  ( Metal1 )
Bounds : ( 13.605, 17.315 ) ( 13.635, 17.375 )


SPACING: Regular Wire of Net n_57 & Regular Wire of Net n_84  ( Metal1 )
Bounds : ( 14.190, 19.295 ) ( 14.235, 19.320 )


SPACING: Regular Wire of Net n_85 & Regular Wire of Net n_115  ( Metal1 )
Bounds : ( 11.000, 19.270 ) ( 11.035, 19.290 )


SPACING: Regular Wire of Net n_115  ( Metal1 )
Bounds : ( 11.235, 19.290 ) ( 11.265, 19.350 )


SHORT: Regular Wire of Net n_115 & Regular Wire of Net n_84  ( Metal2 )
Bounds : ( 11.260, 19.510 ) ( 11.340, 19.640 )


 Regular Wire of Net n_57  ( Metal2 )
Bounds : ( 13.660, 17.635 ) ( 13.740, 17.830 )


 Regular Wire of Net n_151  ( Metal2 )
Bounds : ( 12.860, 20.335 ) ( 12.940, 20.490 )


 Regular Wire of Net n_149  ( Metal3 )
Bounds : ( 13.235, 17.535 ) ( 13.365, 17.615 )


SHORT: Special Wire of Net VDD  ( Metal1 )
Bounds : ( 21.400, 2.980 ) ( 23.000, 3.100 )


SHORT: Special Wire of Net VSS  ( Metal1 )
Bounds : ( 21.800, 4.690 ) ( 22.400, 4.810 )


EndOfLine: Regular Wire of Net n_14 & Regular Wire of Net n_19  ( Metal1 )
Bounds : ( 18.365, 3.995 ) ( 18.435, 4.055 )


EndOfLine: Regular Wire of Net n_20  ( Metal1 )
Bounds : ( 19.625, 3.545 ) ( 19.635, 3.545 )


SHORT: Special Wire of Net VDD  ( Metal1 )
Bounds : ( 17.200, 2.980 ) ( 20.800, 3.100 )


SHORT: Special Wire of Net VSS  ( Metal1 )
Bounds : ( 21.000, 4.690 ) ( 21.800, 4.810 )


SHORT: Special Wire of Net VSS  ( Metal1 )
Bounds : ( 21.400, 4.690 ) ( 22.000, 4.810 )


SPACING: Regular Wire of Net state[4]  ( Metal1 )
Bounds : ( 21.470, 4.125 ) ( 21.530, 4.160 )


SPACING: Regular Wire of Net state[1]  ( Metal1 )
Bounds : ( 14.980, 3.980 ) ( 15.035, 4.060 )


SPACING: Regular Wire of Net state[1]  ( Metal1 )
Bounds : ( 15.210, 3.990 ) ( 15.260, 4.050 )


SPACING: Regular Wire of Net state[3]  ( Metal1 )
Bounds : ( 21.805, 3.635 ) ( 21.835, 3.695 )


SPACING: Regular Wire of Net state[2] & Regular Wire of Net state[3]  ( Metal1 )
Bounds : ( 19.590, 3.825 ) ( 19.635, 3.870 )


SPACING: Regular Wire of Net n_20  ( Metal1 )
Bounds : ( 19.635, 3.615 ) ( 19.790, 3.645 )


SPACING: Regular Wire of Net n_20  ( Metal1 )
Bounds : ( 19.625, 3.545 ) ( 19.635, 3.555 )


SPACING: Regular Wire of Net n_10  ( Metal1 )
Bounds : ( 15.100, 3.555 ) ( 15.145, 3.575 )


SHORT: Regular Wire of Net n_14 & Regular Wire of Net n_71  ( Metal2 )
Bounds : ( 18.260, 3.970 ) ( 18.340, 4.100 )


SPACING: Regular Wire of Net state[4] & Regular Wire of Net state[1]  ( Metal2 )
Bounds : ( 15.260, 3.960 ) ( 15.340, 3.980 )


SHORT: Regular Wire of Net n_19 & Regular Wire of Net y[0]  ( Metal2 )
Bounds : ( 14.460, 3.710 ) ( 14.540, 3.840 )


SHORT: Regular Wire of Net n_19 & Regular Wire of Net n_71  ( Metal2 )
Bounds : ( 18.460, 3.995 ) ( 18.540, 4.075 )


SHORT: Regular Wire of Net state[3] & Regular Wire of Net n_8  ( Metal2 )
Bounds : ( 21.860, 4.045 ) ( 21.940, 4.125 )


SHORT: Regular Wire of Net n_7 & Regular Wire of Net n_19  ( Metal2 )
Bounds : ( 14.260, 3.805 ) ( 14.540, 3.815 )


SHORT: Regular Wire of Net n_7 & Regular Wire of Net y[0]  ( Metal2 )
Bounds : ( 14.460, 3.805 ) ( 14.540, 3.885 )


SHORT: Regular Wire of Net n_7 & Regular Wire of Net state[2]  ( Metal2 )
Bounds : ( 14.660, 4.145 ) ( 14.740, 4.275 )


SPACING: Regular Wire of Net state[4] & Regular Wire of Net n_10  ( Metal2 )
Bounds : ( 15.260, 3.770 ) ( 15.340, 3.830 )


 Regular Wire of Net n_9  ( Metal2 )
Bounds : ( 14.260, 4.120 ) ( 14.340, 4.340 )


 Regular Wire of Net state[4]  ( Metal2 )
Bounds : ( 20.260, 3.830 ) ( 20.340, 3.960 )


 Regular Wire of Net state[4]  ( Metal2 )
Bounds : ( 15.260, 3.830 ) ( 15.340, 3.960 )


SHORT: Special Wire of Net VSS  ( Metal1 )
Bounds : ( 22.400, 4.690 ) ( 23.000, 4.810 )


SHORT: Special Wire of Net VSS  ( Metal1 )
Bounds : ( 23.000, 4.690 ) ( 23.600, 4.810 )


SHORT: Special Wire of Net VSS  ( Metal1 )
Bounds : ( 24.000, 4.690 ) ( 24.800, 4.810 )


SHORT: Special Wire of Net VSS  ( Metal1 )
Bounds : ( 23.600, 4.690 ) ( 24.000, 4.810 )


SHORT: Special Wire of Net VSS  ( Metal1 )
Bounds : ( 24.400, 4.690 ) ( 25.000, 4.810 )


SHORT: Special Wire of Net VSS  ( Metal1 )
Bounds : ( 24.800, 4.690 ) ( 28.000, 4.810 )


SPACING: Regular Wire of Net clk  ( Metal1 )
Bounds : ( 25.305, 3.610 ) ( 25.345, 3.670 )


SPACING: Regular Wire of Net clk  ( Metal1 )
Bounds : ( 28.505, 3.610 ) ( 28.545, 3.670 )


SPACING: Regular Wire of Net state[4]  ( Metal1 )
Bounds : ( 22.470, 4.125 ) ( 22.530, 4.160 )


SPACING: Regular Wire of Net n_19  ( Metal1 )
Bounds : ( 22.805, 3.635 ) ( 22.835, 3.695 )


SPACING: Regular Wire of Net n_189 & Regular Wire of Net state[3]  ( Metal1 )
Bounds : ( 24.235, 4.150 ) ( 24.365, 4.185 )


SPACING: Regular Wire of Net state[4] & Regular Wire of Net state[3]  ( Metal2 )
Bounds : ( 24.660, 3.960 ) ( 24.740, 3.975 )


SPACING: Regular Wire of Net n_189 & Regular Wire of Net state[3]  ( Metal2 )
Bounds : ( 24.260, 4.150 ) ( 24.340, 4.185 )


 Regular Wire of Net state[4]  ( Metal2 )
Bounds : ( 24.660, 3.830 ) ( 24.740, 3.960 )


SHORT: Special Wire of Net VDD  ( Metal1 )
Bounds : ( 21.000, 6.400 ) ( 24.000, 6.520 )


SHORT: Special Wire of Net VDD  ( Metal1 )
Bounds : ( 16.400, 9.820 ) ( 25.400, 9.940 )


SHORT: Special Wire of Net VDD  ( Metal1 )
Bounds : ( 21.400, 13.240 ) ( 24.400, 13.360 )


SHORT: Special Wire of Net VDD  ( Metal1 )
Bounds : ( 17.400, 16.660 ) ( 22.400, 16.780 )


SHORT: Special Wire of Net VDD  ( Metal1 )
Bounds : ( 17.800, 20.080 ) ( 22.600, 20.200 )


SHORT: Special Wire of Net VSS  ( Metal1 )
Bounds : ( 21.400, 11.530 ) ( 23.400, 11.650 )


SHORT: Special Wire of Net VSS  ( Metal1 )
Bounds : ( 22.200, 14.950 ) ( 24.400, 15.070 )


SHORT: Special Wire of Net VSS  ( Metal1 )
Bounds : ( 19.000, 18.370 ) ( 22.600, 18.490 )


SPACING: Regular Wire of Net n_61  ( Metal1 )
Bounds : ( 22.235, 10.620 ) ( 22.335, 10.665 )


SHORT: Regular Wire of Net n_61 & Regular Wire of Net n_106  ( Metal2 )
Bounds : ( 22.260, 10.630 ) ( 22.340, 10.760 )


 Regular Wire of Net n_163  ( Metal2 )
Bounds : ( 22.260, 17.510 ) ( 22.340, 17.640 )


 Regular Wire of Net n_40  ( Metal2 )
Bounds : ( 21.860, 12.760 ) ( 21.940, 12.945 )


SHORT: Special Wire of Net VDD  ( Metal1 )
Bounds : ( 17.400, 6.400 ) ( 18.800, 6.520 )


SHORT: Special Wire of Net VSS  ( Metal1 )
Bounds : ( 15.000, 8.110 ) ( 22.000, 8.230 )


SHORT: Special Wire of Net VSS  ( Metal1 )
Bounds : ( 16.000, 11.530 ) ( 20.200, 11.650 )


SHORT: Regular Wire of Net n_27 & Regular Wire of Net n_29  ( Metal3 )
Bounds : ( 18.235, 9.365 ) ( 18.765, 9.445 )


 Regular Wire of Net n_153  ( Metal4 )
Bounds : ( 18.260, 8.770 ) ( 18.340, 8.900 )


EndOfLine: Regular Wire of Net null  ( Metal1 )
Bounds : ( 17.965, 8.860 ) ( 18.035, 8.875 )


EndOfLine: Regular Wire of Net null  ( Metal1 )
Bounds : ( 17.365, 8.860 ) ( 17.435, 8.875 )


SHORT: Regular Wire of Net n_43 & Regular Wire of Net n_158  ( Metal2 )
Bounds : ( 17.460, 8.860 ) ( 17.540, 8.900 )


SHORT: Regular Wire of Net n_47 & Regular Wire of Net n_43  ( Metal2 )
Bounds : ( 17.260, 8.835 ) ( 17.340, 8.875 )


SHORT: Regular Wire of Net n_30 & Regular Wire of Net n_59  ( Metal2 )
Bounds : ( 16.860, 8.770 ) ( 16.940, 8.900 )


 Regular Wire of Net n_30  ( Metal2 )
Bounds : ( 18.060, 8.770 ) ( 18.140, 8.900 )


EndOfLine: Regular Wire of Net n_63  ( Metal1 )
Bounds : ( 15.215, 8.475 ) ( 15.235, 8.520 )


SHORT: Special Wire of Net VDD  ( Metal1 )
Bounds : ( 15.200, 6.400 ) ( 15.600, 6.520 )


SHORT: Special Wire of Net VDD  ( Metal1 )
Bounds : ( 15.400, 6.400 ) ( 16.000, 6.520 )


SHORT: Special Wire of Net VDD  ( Metal1 )
Bounds : ( 15.600, 6.400 ) ( 16.400, 6.520 )


SHORT: Special Wire of Net VDD  ( Metal1 )
Bounds : ( 16.200, 6.400 ) ( 16.800, 6.520 )


SHORT: Special Wire of Net VDD  ( Metal1 )
Bounds : ( 16.400, 6.400 ) ( 17.400, 6.520 )


SPACING: Regular Wire of Net reset  ( Metal1 )
Bounds : ( 16.645, 5.690 ) ( 16.705, 5.725 )


SPACING: Regular Wire of Net y[0]  ( Metal1 )
Bounds : ( 14.635, 6.105 ) ( 14.785, 6.150 )


SPACING: Regular Wire of Net n_43  ( Metal1 )
Bounds : ( 17.470, 8.760 ) ( 17.530, 8.795 )


SPACING: Regular Wire of Net n_30  ( Metal1 )
Bounds : ( 16.870, 8.760 ) ( 16.930, 8.795 )


SPACING: Regular Wire of Net n_30  ( Metal1 )
Bounds : ( 18.070, 8.760 ) ( 18.130, 8.795 )


SPACING: Regular Wire of Net n_71  ( Metal1 )
Bounds : ( 14.565, 7.275 ) ( 14.600, 7.355 )


SPACING: Regular Wire of Net reset & Regular Wire of Net n_188  ( Metal1 )
Bounds : ( 15.835, 5.315 ) ( 15.965, 5.350 )


SPACING: Regular Wire of Net n_12  ( Metal1 )
Bounds : ( 17.190, 5.725 ) ( 17.225, 5.785 )


SPACING: Regular Wire of Net n_7  ( Metal1 )
Bounds : ( 14.635, 5.710 ) ( 14.755, 5.755 )


SPACING: Regular Wire of Net n_12  ( Metal1 )
Bounds : ( 17.835, 6.015 ) ( 17.945, 6.035 )


SPACING: Regular Wire of Net n_63  ( Metal1 )
Bounds : ( 15.215, 8.475 ) ( 15.235, 8.520 )


SPACING: Regular Wire of Net n_30 & Regular Wire of Net n_22  ( Metal2 )
Bounds : ( 18.060, 8.710 ) ( 18.140, 8.770 )


SHORT: Regular Wire of Net n_188 & Regular Wire of Net reset  ( Metal2 )
Bounds : ( 15.860, 5.210 ) ( 15.940, 5.340 )


SHORT: Regular Wire of Net state[1] & Regular Wire of Net n_188  ( Metal2 )
Bounds : ( 15.260, 5.235 ) ( 15.340, 5.315 )


SHORT: Regular Wire of Net n_63 & Regular Wire of Net n_123  ( Metal2 )
Bounds : ( 15.260, 8.450 ) ( 15.340, 8.580 )


 Regular Wire of Net n_12  ( Metal2 )
Bounds : ( 17.060, 5.690 ) ( 17.140, 5.860 )


 Regular Wire of Net n_188  ( Metal2 )
Bounds : ( 17.660, 7.250 ) ( 17.740, 7.380 )


 Regular Wire of Net n_188  ( Metal2 )
Bounds : ( 16.260, 7.250 ) ( 16.340, 7.380 )


EndOfLine: Regular Wire of Net n_55 & Regular Wire of Net n_120  ( Metal1 )
Bounds : ( 16.870, 12.455 ) ( 16.940, 12.515 )


SPACING: Regular Wire of Net n_32  ( Metal1 )
Bounds : ( 17.205, 9.225 ) ( 17.235, 9.285 )


SPACING: Regular Wire of Net n_47  ( Metal1 )
Bounds : ( 17.805, 9.225 ) ( 17.835, 9.285 )


SPACING: Regular Wire of Net n_70  ( Metal1 )
Bounds : ( 14.370, 10.970 ) ( 14.385, 10.985 )


SPACING: Regular Wire of Net n_153 & Regular Wire of Net n_55  ( Metal1 )
Bounds : ( 18.035, 10.990 ) ( 18.165, 11.025 )


SPACING: Regular Wire of Net n_70  ( Metal1 )
Bounds : ( 14.340, 10.970 ) ( 14.385, 10.975 )


SHORT: Regular Wire of Net n_47 & Regular Wire of Net n_158  ( Metal2 )
Bounds : ( 17.460, 9.175 ) ( 17.540, 9.255 )


SPACING: Regular Wire of Net n_153 & Regular Wire of Net n_55  ( Metal2 )
Bounds : ( 18.060, 10.990 ) ( 18.140, 11.000 )


SPACING: Regular Wire of Net n_141 & Regular Wire of Net n_55  ( Metal2 )
Bounds : ( 18.060, 12.320 ) ( 18.140, 12.380 )


SHORT: Regular Wire of Net n_55 & Regular Wire of Net n_120  ( Metal2 )
Bounds : ( 16.860, 12.580 ) ( 16.940, 12.710 )


SHORT: Regular Wire of Net n_100 & Regular Wire of Net n_123  ( Metal2 )
Bounds : ( 15.260, 10.400 ) ( 15.340, 10.610 )


 Regular Wire of Net n_100  ( Metal2 )
Bounds : ( 15.260, 10.400 ) ( 15.340, 10.610 )


 Regular Wire of Net n_153  ( Metal2 )
Bounds : ( 18.060, 10.790 ) ( 18.140, 10.990 )


 Regular Wire of Net n_153  ( Metal3 )
Bounds : ( 18.035, 10.885 ) ( 18.165, 10.965 )


EndOfLine: Regular Wire of Net null  ( Metal1 )
Bounds : ( 18.565, 8.860 ) ( 18.635, 8.875 )


SHORT: Regular Wire of Net n_135 & Regular Wire of Net n_153  ( Metal2 )
Bounds : ( 19.060, 8.860 ) ( 19.140, 8.965 )


SHORT: Regular Wire of Net n_118 & Regular Wire of Net n_54  ( Metal2 )
Bounds : ( 21.860, 8.835 ) ( 21.940, 8.965 )


SHORT: Regular Wire of Net n_32 & Regular Wire of Net n_135  ( Metal2 )
Bounds : ( 18.860, 8.860 ) ( 18.940, 8.940 )


SHORT: Regular Wire of Net n_60 & Regular Wire of Net n_59  ( Metal2 )
Bounds : ( 20.660, 8.865 ) ( 20.740, 8.945 )


SHORT: Regular Wire of Net n_62 & Regular Wire of Net n_59  ( Metal2 )
Bounds : ( 21.060, 8.840 ) ( 21.140, 8.970 )


SHORT: Regular Wire of Net n_27 & Regular Wire of Net n_135  ( Metal2 )
Bounds : ( 18.660, 8.860 ) ( 18.740, 8.940 )


 Regular Wire of Net n_153  ( Metal2 )
Bounds : ( 19.060, 8.770 ) ( 19.140, 8.965 )


SPACING: Regular Wire of Net n_41  ( Metal1 )
Bounds : ( 21.590, 5.465 ) ( 21.635, 5.545 )


SPACING: Regular Wire of Net n_27  ( Metal1 )
Bounds : ( 18.670, 8.760 ) ( 18.730, 8.795 )


SPACING: Regular Wire of Net n_22  ( Metal1 )
Bounds : ( 21.470, 8.760 ) ( 21.530, 8.795 )


SPACING: Regular Wire of Net n_71  ( Metal1 )
Bounds : ( 21.165, 5.565 ) ( 21.210, 5.645 )


SHORT: Regular Wire of Net state[2] & Regular Wire of Net n_41  ( Metal2 )
Bounds : ( 21.460, 5.465 ) ( 21.540, 5.545 )


SHORT: Regular Wire of Net state[2] & Regular Wire of Net n_41  ( Metal2 )
Bounds : ( 21.660, 5.565 ) ( 21.740, 5.570 )


SPACING: Regular Wire of Net n_41  ( Metal2 )
Bounds : ( 21.540, 5.545 ) ( 21.660, 5.565 )


SHORT: Regular Wire of Net n_118 & Regular Wire of Net n_41  ( Metal2 )
Bounds : ( 21.260, 7.630 ) ( 21.340, 7.760 )


SHORT: Regular Wire of Net n_118 & Regular Wire of Net n_26  ( Metal2 )
Bounds : ( 21.660, 7.655 ) ( 21.740, 7.735 )


SHORT: Regular Wire of Net n_60 & Regular Wire of Net n_59  ( Metal2 )
Bounds : ( 20.460, 8.580 ) ( 20.540, 8.710 )


SHORT: Regular Wire of Net n_62 & Regular Wire of Net n_118  ( Metal2 )
Bounds : ( 21.460, 7.655 ) ( 21.540, 7.735 )


SHORT: Regular Wire of Net n_8 & Regular Wire of Net state[2]  ( Metal2 )
Bounds : ( 21.860, 5.540 ) ( 21.940, 5.670 )


SPACING: Regular Wire of Net n_144  ( Metal1 )
Bounds : ( 19.390, 12.305 ) ( 19.435, 12.385 )


SPACING: Regular Wire of Net n_118  ( Metal1 )
Bounds : ( 21.805, 9.225 ) ( 21.835, 9.285 )


SPACING: Regular Wire of Net n_29  ( Metal1 )
Bounds : ( 18.405, 9.225 ) ( 18.435, 9.285 )


SPACING: Regular Wire of Net n_32  ( Metal1 )
Bounds : ( 19.005, 9.225 ) ( 19.035, 9.285 )


SPACING: Regular Wire of Net n_61  ( Metal1 )
Bounds : ( 20.835, 9.525 ) ( 20.985, 9.570 )


SPACING: Regular Wire of Net n_70  ( Metal1 )
Bounds : ( 18.965, 12.405 ) ( 19.010, 12.485 )


SPACING: Regular Wire of Net n_62  ( Metal1 )
Bounds : ( 20.835, 9.130 ) ( 20.955, 9.175 )


SPACING: Regular Wire of Net n_26 & Regular Wire of Net n_27  ( Metal1 )
Bounds : ( 21.600, 10.730 ) ( 21.635, 10.750 )


SPACING: Regular Wire of Net n_26  ( Metal1 )
Bounds : ( 21.835, 10.670 ) ( 21.865, 10.730 )


SHORT: Regular Wire of Net n_41 & Regular Wire of Net n_144  ( Metal2 )
Bounds : ( 19.260, 12.635 ) ( 19.340, 12.765 )


SHORT: Regular Wire of Net n_41 & Regular Wire of Net n_40  ( Metal2 )
Bounds : ( 19.660, 12.660 ) ( 19.740, 12.740 )


SHORT: Regular Wire of Net n_118 & Regular Wire of Net n_26  ( Metal2 )
Bounds : ( 21.660, 9.190 ) ( 21.740, 9.320 )


SHORT: Regular Wire of Net n_70 & Regular Wire of Net n_144  ( Metal2 )
Bounds : ( 19.460, 12.280 ) ( 19.540, 12.410 )


SHORT: Regular Wire of Net n_70 & Regular Wire of Net n_40  ( Metal2 )
Bounds : ( 19.660, 12.380 ) ( 19.740, 12.510 )


SHORT: Regular Wire of Net n_28 & Regular Wire of Net n_54  ( Metal2 )
Bounds : ( 22.060, 12.610 ) ( 22.140, 12.740 )


SPACING: Regular Wire of Net n_40 & Regular Wire of Net n_28  ( Metal2 )
Bounds : ( 21.860, 12.715 ) ( 21.940, 12.760 )


 Regular Wire of Net n_60  ( Metal2 )
Bounds : ( 20.060, 8.960 ) ( 20.140, 9.135 )


 Regular Wire of Net n_70  ( Metal2 )
Bounds : ( 18.860, 12.380 ) ( 18.940, 12.510 )


 Regular Wire of Net n_61  ( Metal2 )
Bounds : ( 20.860, 9.430 ) ( 20.940, 9.660 )


 Regular Wire of Net n_49  ( Metal2 )
Bounds : ( 18.460, 10.670 ) ( 18.540, 10.800 )


SHORT: Special Wire of Net VDD  ( Metal1 )
Bounds : ( 16.000, 13.240 ) ( 20.200, 13.360 )


SHORT: Special Wire of Net VSS  ( Metal1 )
Bounds : ( 16.600, 14.950 ) ( 22.000, 15.070 )


SHORT: Special Wire of Net VSS  ( Metal1 )
Bounds : ( 18.000, 18.370 ) ( 18.600, 18.490 )


SPACING: Regular Wire of Net n_151  ( Metal1 )
Bounds : ( 18.280, 20.760 ) ( 18.425, 20.790 )


SPACING: Regular Wire of Net n_156 & Regular Wire of Net n_151  ( Metal2 )
Bounds : ( 18.260, 20.885 ) ( 18.340, 20.930 )


SHORT: Regular Wire of Net n_141 & Regular Wire of Net n_145  ( Metal2 )
Bounds : ( 18.260, 15.990 ) ( 18.340, 16.120 )


EndOfLine: Regular Wire of Net n_137 & Regular Wire of Net n_121  ( Metal1 )
Bounds : ( 16.240, 19.260 ) ( 16.270, 19.270 )


SPACING: Regular Wire of Net Mode[0]  ( Metal1 )
Bounds : ( 18.070, 17.805 ) ( 18.130, 17.840 )


SPACING: Regular Wire of Net n_157  ( Metal1 )
Bounds : ( 15.435, 20.665 ) ( 15.460, 20.685 )


SPACING: Regular Wire of Net n_121  ( Metal1 )
Bounds : ( 16.035, 19.320 ) ( 16.240, 19.360 )


SPACING: Regular Wire of Net n_152  ( Metal1 )
Bounds : ( 15.230, 19.305 ) ( 15.260, 19.365 )


SPACING: Regular Wire of Net n_144 & Regular Wire of Net n_72  ( Metal1 )
Bounds : ( 16.835, 14.410 ) ( 16.965, 14.445 )


SPACING: Regular Wire of Net n_156 & Regular Wire of Net n_151  ( Metal1 )
Bounds : ( 18.255, 20.910 ) ( 18.270, 20.940 )


SPACING: Regular Wire of Net n_156 & Regular Wire of Net n_151  ( Metal1 )
Bounds : ( 18.240, 20.910 ) ( 18.255, 20.940 )


SPACING: Regular Wire of Net n_52  ( Metal1 )
Bounds : ( 14.435, 15.870 ) ( 14.465, 15.930 )


SPACING: Regular Wire of Net n_121  ( Metal1 )
Bounds : ( 16.240, 19.260 ) ( 16.290, 19.320 )


SHORT: Regular Wire of Net n_67 & Regular Wire of Net n_158  ( Metal2 )
Bounds : ( 17.460, 14.115 ) ( 17.540, 14.195 )


SHORT: Regular Wire of Net n_67 & Regular Wire of Net n_158  ( Metal2 )
Bounds : ( 17.460, 15.610 ) ( 17.540, 15.740 )


SPACING: Regular Wire of Net n_121 & Regular Wire of Net n_152  ( Metal2 )
Bounds : ( 15.060, 19.375 ) ( 15.140, 19.410 )


SHORT: Regular Wire of Net n_72 & Regular Wire of Net n_144  ( Metal2 )
Bounds : ( 16.860, 14.280 ) ( 16.940, 14.340 )


SHORT: Regular Wire of Net n_52 & Regular Wire of Net n_53  ( Metal2 )
Bounds : ( 14.460, 16.090 ) ( 14.540, 16.120 )


SHORT: Regular Wire of Net n_121 & Regular Wire of Net n_137  ( Metal3 )
Bounds : ( 16.035, 19.435 ) ( 16.165, 19.515 )


 Regular Wire of Net n_154  ( Metal2 )
Bounds : ( 15.260, 18.930 ) ( 15.340, 19.160 )


 Regular Wire of Net n_137  ( Metal2 )
Bounds : ( 16.260, 19.360 ) ( 16.340, 19.540 )


 Regular Wire of Net n_157  ( Metal2 )
Bounds : ( 15.460, 20.550 ) ( 15.540, 20.690 )


 Regular Wire of Net n_66  ( Metal2 )
Bounds : ( 17.660, 16.260 ) ( 17.740, 16.500 )


 Regular Wire of Net n_156  ( Metal2 )
Bounds : ( 14.860, 20.740 ) ( 14.940, 20.910 )


SPACING: Regular Wire of Net n_144  ( Metal1 )
Bounds : ( 19.570, 15.615 ) ( 19.585, 15.630 )


SPACING: Regular Wire of Net n_123 & Regular Wire of Net n_149  ( Metal1 )
Bounds : ( 19.435, 14.410 ) ( 19.565, 14.445 )


SPACING: Regular Wire of Net n_107 & Regular Wire of Net n_59  ( Metal1 )
Bounds : ( 21.185, 15.880 ) ( 21.235, 15.905 )


SPACING: Regular Wire of Net n_123 & Regular Wire of Net n_26  ( Metal1 )
Bounds : ( 21.600, 14.150 ) ( 21.635, 14.170 )


SPACING: Regular Wire of Net n_144  ( Metal1 )
Bounds : ( 19.015, 15.835 ) ( 19.065, 15.895 )


SPACING: Regular Wire of Net n_144  ( Metal1 )
Bounds : ( 19.540, 15.625 ) ( 19.585, 15.630 )


SPACING: Regular Wire of Net n_144  ( Metal1 )
Bounds : ( 18.815, 15.825 ) ( 18.835, 15.890 )


SPACING: Regular Wire of Net n_26  ( Metal1 )
Bounds : ( 21.835, 14.090 ) ( 21.865, 14.150 )


SHORT: Regular Wire of Net n_146 & Regular Wire of Net n_145  ( Metal2 )
Bounds : ( 18.460, 15.635 ) ( 18.540, 15.715 )


SHORT: Regular Wire of Net n_149 & Regular Wire of Net n_144  ( Metal2 )
Bounds : ( 19.460, 15.520 ) ( 19.540, 15.650 )


SHORT: Regular Wire of Net n_149 & Regular Wire of Net n_146  ( Metal2 )
Bounds : ( 19.660, 15.635 ) ( 19.740, 15.715 )


SHORT: Regular Wire of Net n_150 & Regular Wire of Net n_149  ( Metal2 )
Bounds : ( 19.860, 15.635 ) ( 19.940, 15.715 )


SHORT: Regular Wire of Net n_141 & Regular Wire of Net n_145  ( Metal2 )
Bounds : ( 18.660, 15.610 ) ( 18.740, 15.740 )


SHORT: Regular Wire of Net n_107 & Regular Wire of Net n_168  ( Metal2 )
Bounds : ( 21.060, 15.845 ) ( 21.140, 15.975 )


SHORT: Regular Wire of Net n_107 & Regular Wire of Net n_168  ( Metal2 )
Bounds : ( 20.460, 16.070 ) ( 20.540, 16.200 )


SHORT: Regular Wire of Net n_59 & Regular Wire of Net n_107  ( Metal2 )
Bounds : ( 20.460, 15.870 ) ( 20.540, 15.930 )


SHORT: Regular Wire of Net n_59 & Regular Wire of Net n_107  ( Metal2 )
Bounds : ( 20.660, 15.870 ) ( 20.740, 15.930 )


SHORT: Regular Wire of Net n_59 & Regular Wire of Net n_107  ( Metal2 )
Bounds : ( 20.460, 15.870 ) ( 20.740, 15.905 )


SHORT: Regular Wire of Net n_50 & Regular Wire of Net n_168  ( Metal3 )
Bounds : ( 21.035, 14.115 ) ( 21.965, 14.195 )


 Regular Wire of Net n_59  ( Metal2 )
Bounds : ( 21.260, 15.800 ) ( 21.340, 15.930 )


 Regular Wire of Net n_144  ( Metal2 )
Bounds : ( 18.860, 15.800 ) ( 18.940, 15.930 )


 Regular Wire of Net n_124  ( Metal2 )
Bounds : ( 21.660, 15.800 ) ( 21.740, 15.975 )


 Regular Wire of Net n_150  ( Metal3 )
Bounds : ( 19.835, 16.015 ) ( 19.965, 16.095 )


 Regular Wire of Net n_174  ( Metal2 )
Bounds : ( 20.260, 19.410 ) ( 20.340, 19.620 )


 Regular Wire of Net n_174  ( Metal3 )
Bounds : ( 20.235, 19.435 ) ( 20.365, 19.515 )


EndOfLine: Regular Wire of Net n_159 & Regular Wire of Net n_151  ( Metal1 )
Bounds : ( 18.425, 20.790 ) ( 18.485, 20.850 )


SPACING: Regular Wire of Net n_145  ( Metal1 )
Bounds : ( 18.405, 17.315 ) ( 18.435, 17.375 )


SPACING: Regular Wire of Net n_145  ( Metal1 )
Bounds : ( 19.370, 19.035 ) ( 19.385, 19.050 )


SPACING: Regular Wire of Net n_159  ( Metal1 )
Bounds : ( 18.485, 20.620 ) ( 18.545, 20.670 )


SPACING: Regular Wire of Net n_145  ( Metal1 )
Bounds : ( 19.340, 19.045 ) ( 19.385, 19.050 )


SPACING: Regular Wire of Net n_166  ( Metal1 )
Bounds : ( 20.015, 17.545 ) ( 20.065, 17.605 )


SPACING: Regular Wire of Net n_166  ( Metal1 )
Bounds : ( 19.815, 17.550 ) ( 19.835, 17.615 )


SPACING: Regular Wire of Net n_159 & Regular Wire of Net n_151  ( Metal1 )
Bounds : ( 18.395, 20.760 ) ( 18.435, 20.790 )


SHORT: Regular Wire of Net n_165 & Regular Wire of Net n_66  ( Metal2 )
Bounds : ( 19.460, 19.110 ) ( 19.540, 19.135 )


SHORT: Regular Wire of Net n_165 & Regular Wire of Net n_145  ( Metal2 )
Bounds : ( 19.260, 19.055 ) ( 19.340, 19.160 )


SHORT: Regular Wire of Net n_125 & Regular Wire of Net n_165  ( Metal2 )
Bounds : ( 19.660, 19.055 ) ( 19.740, 19.135 )


SHORT: Regular Wire of Net n_157 & Regular Wire of Net n_153  ( Metal3 )
Bounds : ( 19.435, 20.575 ) ( 19.565, 20.655 )


 Regular Wire of Net n_166  ( Metal2 )
Bounds : ( 19.860, 17.510 ) ( 19.940, 17.640 )


 Regular Wire of Net n_145  ( Metal2 )
Bounds : ( 19.260, 18.940 ) ( 19.340, 19.160 )


 Regular Wire of Net n_129  ( Metal2 )
Bounds : ( 18.460, 17.635 ) ( 18.540, 17.830 )


 Regular Wire of Net n_166  ( Metal3 )
Bounds : ( 20.035, 20.195 ) ( 20.165, 20.275 )


 Regular Wire of Net n_145  ( Metal3 )
Bounds : ( 19.235, 19.055 ) ( 19.365, 19.135 )


EndOfLine: Regular Wire of Net n_109  ( Metal1 )
Bounds : ( 20.760, 17.200 ) ( 20.835, 17.250 )


SPACING: Regular Wire of Net n_107  ( Metal1 )
Bounds : ( 20.765, 17.600 ) ( 20.820, 17.620 )


SPACING: Regular Wire of Net n_109 & Regular Wire of Net n_96  ( Metal1 )
Bounds : ( 22.035, 18.995 ) ( 22.165, 19.030 )


SPACING: Regular Wire of Net n_44 & Regular Wire of Net n_50  ( Metal1 )
Bounds : ( 21.835, 17.830 ) ( 21.965, 17.865 )


SHORT: Regular Wire of Net n_125 & Regular Wire of Net n_124  ( Metal2 )
Bounds : ( 21.060, 19.410 ) ( 21.140, 19.540 )


SHORT: Regular Wire of Net n_107 & Regular Wire of Net n_124  ( Metal2 )
Bounds : ( 20.660, 17.495 ) ( 20.740, 17.625 )


SHORT: Regular Wire of Net n_107 & Regular Wire of Net n_124  ( Metal2 )
Bounds : ( 20.460, 17.310 ) ( 20.540, 17.390 )


SHORT: Regular Wire of Net n_109 & Regular Wire of Net n_54  ( Metal2 )
Bounds : ( 22.060, 18.890 ) ( 22.140, 19.020 )


SHORT: Regular Wire of Net n_109 & Regular Wire of Net n_124  ( Metal2 )
Bounds : ( 20.660, 19.220 ) ( 20.740, 19.350 )


SHORT: Regular Wire of Net n_96 & Regular Wire of Net n_109  ( Metal2 )
Bounds : ( 21.860, 18.915 ) ( 21.940, 18.995 )


SHORT: Regular Wire of Net n_96 & Regular Wire of Net n_54  ( Metal2 )
Bounds : ( 22.060, 19.100 ) ( 22.140, 19.230 )


 Regular Wire of Net n_103  ( Metal2 )
Bounds : ( 21.260, 19.220 ) ( 21.340, 19.350 )


 Regular Wire of Net n_44  ( Metal2 )
Bounds : ( 21.860, 17.840 ) ( 21.940, 18.020 )


SHORT: Special Wire of Net VSS  ( Metal1 )
Bounds : ( 25.800, 11.530 ) ( 26.800, 11.650 )


SHORT: Regular Wire of Net n_176 & Regular Wire of Net n_113  ( Metal2 )
Bounds : ( 26.260, 10.440 ) ( 26.340, 10.520 )


SPACING: Regular Wire of Net n_118  ( Metal1 )
Bounds : ( 24.765, 8.800 ) ( 24.800, 8.875 )


SHORT: Special Wire of Net VDD  ( Metal1 )
Bounds : ( 24.400, 6.400 ) ( 25.000, 6.520 )


SHORT: Special Wire of Net VDD  ( Metal1 )
Bounds : ( 25.400, 6.400 ) ( 26.000, 6.520 )


SHORT: Special Wire of Net VSS  ( Metal1 )
Bounds : ( 23.000, 8.110 ) ( 25.400, 8.230 )


SPACING: Regular Wire of Net state[2] & Regular Wire of Net n_32  ( Metal1 )
Bounds : ( 22.385, 5.620 ) ( 22.435, 5.645 )


SPACING: Regular Wire of Net n_91 & Regular Wire of Net n_51  ( Metal1 )
Bounds : ( 23.235, 8.735 ) ( 23.365, 8.770 )


SPACING: Regular Wire of Net n_34  ( Metal1 )
Bounds : ( 23.605, 7.055 ) ( 23.635, 7.115 )


SPACING: Regular Wire of Net n_27  ( Metal1 )
Bounds : ( 23.270, 7.545 ) ( 23.330, 7.580 )


SPACING: Regular Wire of Net n_26 & Regular Wire of Net n_71  ( Metal1 )
Bounds : ( 22.985, 5.620 ) ( 23.035, 5.645 )


 Regular Wire of Net n_13  ( Metal2 )
Bounds : ( 23.260, 5.160 ) ( 23.340, 5.290 )


 Regular Wire of Net n_189  ( Metal2 )
Bounds : ( 25.660, 5.160 ) ( 25.740, 5.290 )


 Regular Wire of Net n_71  ( Metal2 )
Bounds : ( 23.860, 5.920 ) ( 23.940, 6.105 )


 Regular Wire of Net n_51  ( Metal2 )
Bounds : ( 23.260, 8.580 ) ( 23.340, 8.760 )


 Regular Wire of Net state[2]  ( Metal2 )
Bounds : ( 25.460, 5.540 ) ( 25.540, 5.670 )


 Regular Wire of Net state[2]  ( Metal2 )
Bounds : ( 22.460, 5.540 ) ( 22.540, 5.670 )


 Regular Wire of Net n_51  ( Metal3 )
Bounds : ( 23.235, 8.605 ) ( 23.365, 8.685 )


 Regular Wire of Net n_51  ( Metal4 )
Bounds : ( 23.260, 8.580 ) ( 23.340, 8.710 )


EndOfLine: Regular Wire of Net null  ( Metal1 )
Bounds : ( 25.080, 8.960 ) ( 25.135, 8.980 )


EndOfLine: Regular Wire of Net n_68 & Regular Wire of Net n_61  ( Metal1 )
Bounds : ( 22.495, 10.665 ) ( 22.555, 10.725 )


EndOfLine: Regular Wire of Net n_113 & Regular Wire of Net n_176  ( Metal1 )
Bounds : ( 26.255, 10.450 ) ( 26.325, 10.510 )


EndOfLine: Regular Wire of Net n_68  ( Metal1 )
Bounds : ( 22.675, 10.440 ) ( 22.725, 10.500 )


EndOfLine: Regular Wire of Net n_176 & Regular Wire of Net n_91  ( Metal1 )
Bounds : ( 25.930, 10.690 ) ( 25.965, 10.760 )


EndOfLine: Regular Wire of Net n_27  ( Metal1 )
Bounds : ( 25.050, 9.020 ) ( 25.065, 9.080 )


SPACING: Regular Wire of Net n_68  ( Metal1 )
Bounds : ( 22.675, 10.440 ) ( 22.725, 10.500 )


SPACING: Regular Wire of Net n_163  ( Metal1 )
Bounds : ( 25.260, 9.065 ) ( 25.270, 9.070 )


SPACING: Regular Wire of Net n_41  ( Metal1 )
Bounds : ( 22.785, 10.885 ) ( 22.835, 10.965 )


SPACING: Regular Wire of Net n_176  ( Metal1 )
Bounds : ( 25.990, 10.440 ) ( 26.035, 10.520 )


SHORT: Regular Wire of Net n_27  ( Metal1 )
Bounds : ( 24.835, 8.950 ) ( 24.860, 9.030 )


SHORT: Regular Wire of Net n_27  ( Metal1 )
Bounds : ( 24.835, 9.030 ) ( 24.860, 9.030 )


SPACING: Regular Wire of Net n_27  ( Metal1 )
Bounds : ( 25.080, 8.960 ) ( 25.135, 8.980 )


SPACING: Regular Wire of Net n_27  ( Metal1 )
Bounds : ( 24.235, 9.080 ) ( 24.265, 9.125 )


SPACING: Regular Wire of Net n_27  ( Metal1 )
Bounds : ( 24.240, 9.195 ) ( 24.300, 9.230 )


SPACING: Regular Wire of Net n_61 & Regular Wire of Net n_68  ( Metal1 )
Bounds : ( 22.435, 10.620 ) ( 22.495, 10.665 )


SPACING: Regular Wire of Net n_176  ( Metal1 )
Bounds : ( 26.225, 10.420 ) ( 26.260, 10.450 )


SPACING: Regular Wire of Net n_27  ( Metal1 )
Bounds : ( 24.785, 9.020 ) ( 24.835, 9.030 )


SHORT: Regular Wire of Net n_91 & Regular Wire of Net n_176  ( Metal2 )
Bounds : ( 26.060, 10.415 ) ( 26.140, 10.545 )


SPACING: Regular Wire of Net n_163 & Regular Wire of Net n_91  ( Metal2 )
Bounds : ( 23.660, 8.945 ) ( 23.740, 8.960 )


SHORT: Regular Wire of Net n_61 & Regular Wire of Net n_68  ( Metal2 )
Bounds : ( 22.460, 10.655 ) ( 22.540, 10.735 )


SHORT: Regular Wire of Net n_27 & Regular Wire of Net n_29  ( Metal2 )
Bounds : ( 24.860, 8.925 ) ( 24.940, 9.055 )


SHORT: Regular Wire of Net n_27 & Regular Wire of Net n_118  ( Metal2 )
Bounds : ( 24.660, 8.950 ) ( 24.740, 9.030 )


 Regular Wire of Net n_41  ( Metal2 )
Bounds : ( 22.860, 10.860 ) ( 22.940, 10.990 )


 Regular Wire of Net n_163  ( Metal2 )
Bounds : ( 23.660, 8.960 ) ( 23.740, 9.090 )


SPACING: Regular Wire of Net n_92  ( Metal1 )
Bounds : ( 27.765, 8.795 ) ( 27.810, 8.875 )


SHORT: Regular Wire of Net n_118 & Regular Wire of Net n_173  ( Metal2 )
Bounds : ( 27.460, 8.770 ) ( 27.540, 8.900 )


SHORT: Regular Wire of Net n_92 & Regular Wire of Net n_118  ( Metal2 )
Bounds : ( 27.660, 8.795 ) ( 27.740, 8.900 )


 Regular Wire of Net n_92  ( Metal2 )
Bounds : ( 27.660, 8.770 ) ( 27.740, 8.900 )


 Regular Wire of Net n_176  ( Metal2 )
Bounds : ( 29.460, 8.870 ) ( 29.540, 9.090 )


SPACING: Regular Wire of Net clk  ( Metal1 )
Bounds : ( 28.305, 5.830 ) ( 28.345, 5.890 )


SPACING: Regular Wire of Net n_178 & Regular Wire of Net n_177  ( Metal2 )
Bounds : ( 29.660, 8.775 ) ( 29.740, 8.835 )


EndOfLine: Regular Wire of Net null  ( Metal1 )
Bounds : ( 27.480, 10.780 ) ( 27.535, 10.800 )


EndOfLine: Regular Wire of Net n_123  ( Metal1 )
Bounds : ( 27.450, 10.680 ) ( 27.465, 10.740 )


SHORT: Regular Wire of Net n_123  ( Metal1 )
Bounds : ( 27.235, 10.730 ) ( 27.260, 10.730 )


SHORT: Regular Wire of Net n_123  ( Metal1 )
Bounds : ( 27.235, 10.730 ) ( 27.260, 10.810 )


SPACING: Regular Wire of Net n_123  ( Metal1 )
Bounds : ( 27.480, 10.780 ) ( 27.535, 10.800 )


SPACING: Regular Wire of Net n_94  ( Metal1 )
Bounds : ( 27.660, 10.690 ) ( 27.670, 10.695 )


SPACING: Regular Wire of Net n_175  ( Metal1 )
Bounds : ( 27.590, 9.330 ) ( 27.635, 9.370 )


SPACING: Regular Wire of Net n_123 & Regular Wire of Net n_92  ( Metal1 )
Bounds : ( 26.785, 9.040 ) ( 26.835, 9.080 )


SPACING: Regular Wire of Net n_123 & Regular Wire of Net n_32  ( Metal1 )
Bounds : ( 28.200, 9.010 ) ( 28.235, 9.030 )


SPACING: Regular Wire of Net n_123  ( Metal1 )
Bounds : ( 27.185, 10.730 ) ( 27.235, 10.740 )


SPACING: Regular Wire of Net n_142  ( Metal1 )
Bounds : ( 26.385, 10.700 ) ( 26.435, 10.780 )


SPACING: Regular Wire of Net n_142  ( Metal1 )
Bounds : ( 26.635, 10.710 ) ( 26.665, 10.770 )


SPACING: Regular Wire of Net n_175  ( Metal1 )
Bounds : ( 27.795, 9.360 ) ( 27.810, 9.410 )


SPACING: Regular Wire of Net n_175  ( Metal1 )
Bounds : ( 27.735, 9.360 ) ( 27.795, 9.410 )


SPACING: Regular Wire of Net n_142  ( Metal1 )
Bounds : ( 26.605, 10.690 ) ( 26.660, 10.710 )


SHORT: Regular Wire of Net n_173 & Regular Wire of Net n_123  ( Metal2 )
Bounds : ( 27.460, 10.730 ) ( 27.540, 10.810 )


SHORT: Regular Wire of Net n_94 & Regular Wire of Net n_123  ( Metal2 )
Bounds : ( 27.660, 10.730 ) ( 27.740, 10.810 )


SHORT: Regular Wire of Net n_118 & Regular Wire of Net n_175  ( Metal2 )
Bounds : ( 27.660, 9.265 ) ( 27.740, 9.280 )


SHORT: Regular Wire of Net n_90 & Regular Wire of Net n_123  ( Metal2 )
Bounds : ( 26.860, 8.975 ) ( 26.940, 9.105 )


SHORT: Special Wire of Net VSS  ( Metal1 )
Bounds : ( 27.000, 11.530 ) ( 27.800, 11.650 )


SPACING: Regular Wire of Net n_120  ( Metal1 )
Bounds : ( 27.435, 12.500 ) ( 27.465, 12.545 )


SPACING: Regular Wire of Net n_120  ( Metal1 )
Bounds : ( 27.440, 12.615 ) ( 27.500, 12.650 )


SPACING: Regular Wire of Net n_169 & Regular Wire of Net n_90  ( Metal1 )
Bounds : ( 26.400, 12.430 ) ( 26.435, 12.450 )


SPACING: Regular Wire of Net n_29  ( Metal1 )
Bounds : ( 27.165, 10.885 ) ( 27.200, 10.960 )


SPACING: Regular Wire of Net n_90  ( Metal1 )
Bounds : ( 26.635, 12.450 ) ( 26.665, 12.510 )


SHORT: Regular Wire of Net n_173 & Regular Wire of Net n_119  ( Metal2 )
Bounds : ( 27.460, 12.635 ) ( 27.540, 12.715 )


SHORT: Regular Wire of Net n_94 & Regular Wire of Net n_119  ( Metal2 )
Bounds : ( 27.660, 12.610 ) ( 27.740, 12.740 )


SHORT: Regular Wire of Net n_120 & Regular Wire of Net n_173  ( Metal2 )
Bounds : ( 27.460, 12.520 ) ( 27.540, 12.650 )


SHORT: Regular Wire of Net n_120 & Regular Wire of Net n_94  ( Metal2 )
Bounds : ( 27.660, 12.545 ) ( 27.740, 12.625 )


SPACING: Regular Wire of Net n_119  ( Metal2 )
Bounds : ( 27.540, 12.625 ) ( 27.660, 12.635 )


SHORT: Regular Wire of Net n_160 & Regular Wire of Net n_93  ( Metal2 )
Bounds : ( 26.660, 12.670 ) ( 26.740, 12.890 )


SHORT: Regular Wire of Net n_90 & Regular Wire of Net n_160  ( Metal2 )
Bounds : ( 26.660, 12.440 ) ( 26.740, 12.520 )


 Regular Wire of Net n_93  ( Metal2 )
Bounds : ( 26.660, 12.670 ) ( 26.740, 12.890 )


SPACING: Regular Wire of Net n_122  ( Metal1 )
Bounds : ( 29.205, 10.475 ) ( 29.235, 10.535 )


SPACING: Regular Wire of Net n_138  ( Metal1 )
Bounds : ( 29.180, 9.210 ) ( 29.235, 9.270 )


SPACING: Regular Wire of Net n_49  ( Metal1 )
Bounds : ( 28.870, 10.965 ) ( 28.930, 11.000 )


SPACING: Regular Wire of Net n_95  ( Metal1 )
Bounds : ( 29.780, 12.210 ) ( 29.835, 12.290 )


SPACING: Regular Wire of Net n_137  ( Metal1 )
Bounds : ( 29.580, 12.260 ) ( 29.635, 12.270 )


SPACING: Regular Wire of Net n_32  ( Metal1 )
Bounds : ( 28.435, 9.030 ) ( 28.465, 9.090 )


SHORT: Regular Wire of Net n_137 & Regular Wire of Net n_178  ( Metal2 )
Bounds : ( 29.660, 12.190 ) ( 29.740, 12.365 )


 Regular Wire of Net n_137  ( Metal2 )
Bounds : ( 29.660, 12.190 ) ( 29.740, 12.365 )


 Regular Wire of Net n_176  ( Metal2 )
Bounds : ( 30.260, 9.150 ) ( 30.340, 9.305 )


 Regular Wire of Net n_81  ( Metal2 )
Bounds : ( 28.460, 9.250 ) ( 28.540, 9.470 )


 Regular Wire of Net n_122  ( Metal2 )
Bounds : ( 29.060, 10.440 ) ( 29.140, 10.610 )


 Regular Wire of Net n_137  ( Metal3 )
Bounds : ( 29.635, 12.215 ) ( 29.765, 12.295 )


 Regular Wire of Net n_176  ( Metal3 )
Bounds : ( 30.235, 9.175 ) ( 30.365, 9.255 )


 Regular Wire of Net n_176  ( Metal4 )
Bounds : ( 30.060, 8.960 ) ( 30.140, 9.090 )


SHORT: Special Wire of Net VDD  ( Metal1 )
Bounds : ( 25.800, 20.080 ) ( 29.000, 20.200 )


SHORT: Special Wire of Net VSS  ( Metal1 )
Bounds : ( 25.600, 14.950 ) ( 30.200, 15.070 )


 Regular Wire of Net n_169  ( Metal3 )
Bounds : ( 26.235, 12.975 ) ( 26.365, 13.055 )


EndOfLine: Regular Wire of Net n_172 & Regular Wire of Net n_106  ( Metal1 )
Bounds : ( 24.025, 13.940 ) ( 24.085, 13.950 )


EndOfLine: Regular Wire of Net n_106 & Regular Wire of Net n_111  ( Metal1 )
Bounds : ( 23.870, 14.100 ) ( 23.915, 14.160 )


SPACING: Regular Wire of Net n_112  ( Metal1 )
Bounds : ( 22.610, 13.490 ) ( 22.635, 13.570 )


SPACING: Regular Wire of Net n_172  ( Metal1 )
Bounds : ( 24.085, 13.780 ) ( 24.145, 13.830 )


SPACING: Regular Wire of Net n_53  ( Metal1 )
Bounds : ( 23.630, 14.210 ) ( 23.655, 14.260 )


SPACING: Regular Wire of Net n_106  ( Metal1 )
Bounds : ( 23.880, 13.920 ) ( 24.025, 13.950 )


SPACING: Regular Wire of Net n_69  ( Metal1 )
Bounds : ( 23.165, 14.115 ) ( 23.200, 14.195 )


SPACING: Regular Wire of Net n_40  ( Metal1 )
Bounds : ( 22.380, 14.305 ) ( 22.435, 14.385 )


SPACING: Regular Wire of Net n_111 & Regular Wire of Net n_53  ( Metal1 )
Bounds : ( 23.625, 14.210 ) ( 23.635, 14.260 )


SPACING: Regular Wire of Net n_111  ( Metal1 )
Bounds : ( 23.870, 14.100 ) ( 23.915, 14.160 )


SPACING: Regular Wire of Net n_111 & Regular Wire of Net n_106  ( Metal1 )
Bounds : ( 23.840, 14.070 ) ( 23.855, 14.100 )


SPACING: Regular Wire of Net n_111 & Regular Wire of Net n_106  ( Metal1 )
Bounds : ( 23.855, 14.070 ) ( 23.870, 14.100 )


SPACING: Regular Wire of Net n_172 & Regular Wire of Net n_106  ( Metal1 )
Bounds : ( 23.995, 13.920 ) ( 24.035, 13.950 )


SPACING: Regular Wire of Net n_160  ( Metal1 )
Bounds : ( 26.215, 14.130 ) ( 26.235, 14.195 )


SPACING: Regular Wire of Net n_112 & Regular Wire of Net n_111  ( Metal2 )
Bounds : ( 22.660, 13.460 ) ( 22.740, 13.490 )


SPACING: Regular Wire of Net n_111 & Regular Wire of Net n_53  ( Metal2 )
Bounds : ( 23.660, 14.195 ) ( 23.740, 14.250 )


SHORT: Regular Wire of Net n_40 & Regular Wire of Net n_68  ( Metal2 )
Bounds : ( 22.460, 14.280 ) ( 22.540, 14.385 )


 Regular Wire of Net n_40  ( Metal2 )
Bounds : ( 22.460, 14.280 ) ( 22.540, 14.410 )


 Regular Wire of Net n_172  ( Metal2 )
Bounds : ( 24.060, 13.795 ) ( 24.140, 14.030 )


SHORT: Special Wire of Net VDD  ( Metal1 )
Bounds : ( 24.200, 20.080 ) ( 25.200, 20.200 )


SPACING: Regular Wire of Net n_167  ( Metal1 )
Bounds : ( 26.165, 17.470 ) ( 26.215, 17.550 )


SPACING: Regular Wire of Net n_86 & Regular Wire of Net n_85  ( Metal1 )
Bounds : ( 24.800, 19.270 ) ( 24.835, 19.290 )


SPACING: Regular Wire of Net n_124  ( Metal1 )
Bounds : ( 24.635, 20.895 ) ( 24.665, 20.940 )


SPACING: Regular Wire of Net n_124  ( Metal1 )
Bounds : ( 24.640, 20.790 ) ( 24.700, 20.825 )


SPACING: Regular Wire of Net n_167  ( Metal1 )
Bounds : ( 26.165, 17.455 ) ( 26.215, 17.470 )


SPACING: Regular Wire of Net n_167  ( Metal1 )
Bounds : ( 26.180, 17.455 ) ( 26.215, 17.480 )


SPACING: Regular Wire of Net n_86  ( Metal1 )
Bounds : ( 25.035, 19.290 ) ( 25.065, 19.350 )


SPACING: Regular Wire of Net n_170  ( Metal1 )
Bounds : ( 26.180, 17.090 ) ( 26.235, 17.130 )


SHORT: Regular Wire of Net n_97 & Regular Wire of Net n_86  ( Metal2 )
Bounds : ( 24.860, 19.255 ) ( 24.940, 19.385 )


SHORT: Regular Wire of Net n_163 & Regular Wire of Net n_169  ( Metal2 )
Bounds : ( 25.260, 17.255 ) ( 25.340, 17.385 )


 Regular Wire of Net n_163  ( Metal2 )
Bounds : ( 25.060, 17.510 ) ( 25.140, 17.640 )


 Regular Wire of Net n_97  ( Metal2 )
Bounds : ( 22.460, 19.220 ) ( 22.540, 19.350 )


SPACING: Regular Wire of Net n_168  ( Metal1 )
Bounds : ( 27.765, 14.050 ) ( 27.815, 14.130 )


SPACING: Regular Wire of Net n_168  ( Metal1 )
Bounds : ( 27.780, 14.035 ) ( 27.815, 14.060 )


SPACING: Regular Wire of Net n_168  ( Metal1 )
Bounds : ( 27.765, 14.035 ) ( 27.815, 14.050 )


SPACING: Regular Wire of Net n_94  ( Metal1 )
Bounds : ( 29.670, 14.385 ) ( 29.730, 14.420 )


SPACING: Regular Wire of Net n_129  ( Metal1 )
Bounds : ( 28.180, 15.630 ) ( 28.235, 15.710 )


SPACING: Regular Wire of Net n_130  ( Metal1 )
Bounds : ( 27.980, 15.680 ) ( 28.035, 15.690 )


SPACING: Regular Wire of Net n_88  ( Metal1 )
Bounds : ( 30.005, 13.895 ) ( 30.035, 13.955 )


SPACING: Regular Wire of Net n_129 & Regular Wire of Net n_85  ( Metal1 )
Bounds : ( 27.400, 15.850 ) ( 27.435, 15.870 )


SPACING: Regular Wire of Net n_173  ( Metal1 )
Bounds : ( 27.780, 13.670 ) ( 27.835, 13.710 )


SPACING: Regular Wire of Net n_85  ( Metal1 )
Bounds : ( 27.635, 15.870 ) ( 27.665, 15.930 )


SPACING: Regular Wire of Net n_160  ( Metal1 )
Bounds : ( 26.415, 14.125 ) ( 26.465, 14.185 )


SHORT: Regular Wire of Net n_94 & Regular Wire of Net n_173  ( Metal2 )
Bounds : ( 27.660, 13.670 ) ( 27.740, 13.750 )


SHORT: Regular Wire of Net n_94 & Regular Wire of Net n_168  ( Metal2 )
Bounds : ( 27.660, 14.025 ) ( 27.740, 14.220 )


SHORT: Regular Wire of Net n_111 & Regular Wire of Net n_172  ( Metal2 )
Bounds : ( 27.060, 13.860 ) ( 27.140, 14.030 )


SHORT: Regular Wire of Net n_88 & Regular Wire of Net n_123  ( Metal2 )
Bounds : ( 27.860, 14.115 ) ( 27.940, 14.195 )


SHORT: Regular Wire of Net n_88 & Regular Wire of Net n_173  ( Metal2 )
Bounds : ( 27.860, 13.645 ) ( 27.940, 13.775 )


SHORT: Regular Wire of Net n_88 & Regular Wire of Net n_94  ( Metal2 )
Bounds : ( 27.860, 15.420 ) ( 27.940, 15.550 )


SHORT: Regular Wire of Net n_95 & Regular Wire of Net n_178  ( Metal2 )
Bounds : ( 29.460, 13.865 ) ( 29.540, 13.995 )


SHORT: Regular Wire of Net n_95 & Regular Wire of Net n_94  ( Metal2 )
Bounds : ( 29.660, 14.280 ) ( 29.740, 14.320 )


SHORT: Regular Wire of Net n_85 & Regular Wire of Net n_88  ( Metal2 )
Bounds : ( 27.660, 16.090 ) ( 27.740, 16.220 )


SHORT: Regular Wire of Net n_160 & Regular Wire of Net n_129  ( Metal2 )
Bounds : ( 26.660, 14.090 ) ( 26.740, 14.195 )


SHORT: Regular Wire of Net n_160 & Regular Wire of Net n_164  ( Metal2 )
Bounds : ( 26.460, 14.115 ) ( 26.540, 14.195 )


 Regular Wire of Net n_168  ( Metal2 )
Bounds : ( 27.660, 14.025 ) ( 27.740, 14.220 )


 Regular Wire of Net n_174  ( Metal2 )
Bounds : ( 29.260, 14.470 ) ( 29.340, 14.600 )


 Regular Wire of Net n_174  ( Metal3 )
Bounds : ( 29.235, 14.495 ) ( 29.365, 14.575 )


EndOfLine: Regular Wire of Net n_131 & Regular Wire of Net n_89  ( Metal1 )
Bounds : ( 28.130, 19.260 ) ( 28.165, 19.330 )


SPACING: Regular Wire of Net n_131  ( Metal1 )
Bounds : ( 28.190, 19.500 ) ( 28.235, 19.580 )


SPACING: Regular Wire of Net n_111  ( Metal1 )
Bounds : ( 27.070, 19.020 ) ( 27.130, 19.055 )


SPACING: Regular Wire of Net n_122  ( Metal1 )
Bounds : ( 27.405, 19.485 ) ( 27.435, 19.545 )


SHORT: Regular Wire of Net n_131 & Regular Wire of Net n_89  ( Metal2 )
Bounds : ( 28.260, 19.475 ) ( 28.340, 19.540 )


SHORT: Regular Wire of Net n_124 & Regular Wire of Net n_86  ( Metal2 )
Bounds : ( 26.660, 19.410 ) ( 26.740, 19.540 )


 Regular Wire of Net n_124  ( Metal2 )
Bounds : ( 26.660, 19.410 ) ( 26.740, 19.540 )


 Regular Wire of Net n_120  ( Metal3 )
Bounds : ( 27.435, 18.675 ) ( 27.565, 18.755 )


 Regular Wire of Net n_112  ( Metal3 )
Bounds : ( 26.835, 17.345 ) ( 26.965, 17.425 )


EndOfLine: Regular Wire of Net n_134 & Regular Wire of Net n_131  ( Metal1 )
Bounds : ( 28.455, 19.510 ) ( 28.525, 19.570 )


SHORT: Special Wire of Net VDD  ( Metal1 )
Bounds : ( 29.200, 20.080 ) ( 30.000, 20.200 )


SPACING: Regular Wire of Net n_46 & Regular Wire of Net n_156  ( Metal1 )
Bounds : ( 29.190, 17.540 ) ( 29.235, 17.565 )


SPACING: Regular Wire of Net n_156  ( Metal1 )
Bounds : ( 29.605, 20.735 ) ( 29.635, 20.795 )


SPACING: Regular Wire of Net n_46 & Regular Wire of Net n_81  ( Metal1 )
Bounds : ( 30.035, 17.830 ) ( 30.165, 17.865 )


SPACING: Regular Wire of Net n_82 & Regular Wire of Net n_81  ( Metal1 )
Bounds : ( 29.435, 18.995 ) ( 29.565, 19.030 )


SPACING: Regular Wire of Net n_162  ( Metal1 )
Bounds : ( 28.585, 19.240 ) ( 28.635, 19.320 )


SPACING: Regular Wire of Net n_131  ( Metal1 )
Bounds : ( 28.425, 19.570 ) ( 28.460, 19.600 )


SPACING: Regular Wire of Net n_162  ( Metal1 )
Bounds : ( 28.835, 19.250 ) ( 28.865, 19.310 )


SPACING: Regular Wire of Net n_162  ( Metal1 )
Bounds : ( 28.805, 19.310 ) ( 28.860, 19.330 )


SPACING: Regular Wire of Net n_131 & Regular Wire of Net n_134  ( Metal2 )
Bounds : ( 28.460, 19.580 ) ( 28.540, 19.600 )


SHORT: Regular Wire of Net n_162 & Regular Wire of Net n_131  ( Metal2 )
Bounds : ( 28.860, 19.500 ) ( 28.940, 19.580 )


SHORT: Regular Wire of Net n_167 & Regular Wire of Net n_162  ( Metal2 )
Bounds : ( 28.660, 19.215 ) ( 28.740, 19.345 )


SHORT: Regular Wire of Net n_167 & Regular Wire of Net n_131  ( Metal2 )
Bounds : ( 28.660, 19.500 ) ( 28.740, 19.580 )


SHORT: Regular Wire of Net n_167 & Regular Wire of Net n_162  ( Metal2 )
Bounds : ( 28.860, 19.860 ) ( 28.940, 19.990 )


SHORT: Regular Wire of Net n_156 & Regular Wire of Net n_131  ( Metal2 )
Bounds : ( 29.060, 17.470 ) ( 29.140, 17.640 )


SHORT: Regular Wire of Net n_81 & Regular Wire of Net n_46  ( Metal2 )
Bounds : ( 30.060, 17.840 ) ( 30.140, 17.970 )


SHORT: Regular Wire of Net n_81 & Regular Wire of Net n_158  ( Metal2 )
Bounds : ( 29.860, 19.125 ) ( 29.940, 19.205 )


 Regular Wire of Net n_156  ( Metal2 )
Bounds : ( 29.460, 20.700 ) ( 29.540, 20.870 )


 Regular Wire of Net n_156  ( Metal2 )
Bounds : ( 29.060, 17.470 ) ( 29.140, 17.640 )


 Regular Wire of Net n_134  ( Metal2 )
Bounds : ( 28.460, 19.600 ) ( 28.540, 19.795 )


 Regular Wire of Net n_81  ( Metal3 )
Bounds : ( 30.035, 17.345 ) ( 30.165, 17.425 )


SHORT: Special Wire of Net VSS  ( Metal1 )
Bounds : ( 4.600, 21.790 ) ( 5.400, 21.910 )


SHORT: Special Wire of Net VSS  ( Metal1 )
Bounds : ( 7.200, 21.790 ) ( 7.800, 21.910 )


SHORT: Special Wire of Net VSS  ( Metal1 )
Bounds : ( 8.600, 21.790 ) ( 9.000, 21.910 )


SHORT: Special Wire of Net VSS  ( Metal1 )
Bounds : ( 12.000, 21.790 ) ( 13.600, 21.910 )


SHORT: Special Wire of Net VSS  ( Metal1 )
Bounds : ( 14.000, 21.790 ) ( 14.400, 21.910 )


SHORT: Special Wire of Net VSS  ( Metal1 )
Bounds : ( 14.600, 21.790 ) ( 15.600, 21.910 )


SHORT: Special Wire of Net VSS  ( Metal1 )
Bounds : ( 17.800, 21.790 ) ( 20.200, 21.910 )


SHORT: Special Wire of Net VSS  ( Metal1 )
Bounds : ( 21.200, 21.790 ) ( 22.000, 21.910 )


SHORT: Special Wire of Net VSS  ( Metal1 )
Bounds : ( 24.200, 21.790 ) ( 25.000, 21.910 )


SHORT: Special Wire of Net VSS  ( Metal1 )
Bounds : ( 25.800, 21.790 ) ( 26.800, 21.910 )


SHORT: Special Wire of Net VSS  ( Metal1 )
Bounds : ( 29.200, 21.790 ) ( 29.800, 21.910 )


SPACING: Regular Wire of Net n_110  ( Metal1 )
Bounds : ( 25.980, 21.170 ) ( 26.035, 21.180 )


SPACING: Regular Wire of Net n_86  ( Metal1 )
Bounds : ( 26.180, 21.150 ) ( 26.235, 21.230 )


SPACING: Regular Wire of Net n_82  ( Metal1 )
Bounds : ( 29.270, 21.225 ) ( 29.330, 21.260 )


SPACING: Regular Wire of Net n_158  ( Metal1 )
Bounds : ( 18.030, 21.050 ) ( 18.055, 21.100 )


SPACING: Regular Wire of Net n_74 & Regular Wire of Net n_54  ( Metal1 )
Bounds : ( 21.435, 21.250 ) ( 21.565, 21.285 )


SPACING: Regular Wire of Net n_54  ( Metal1 )
Bounds : ( 19.170, 21.230 ) ( 19.185, 21.245 )


SPACING: Regular Wire of Net n_17  ( Metal1 )
Bounds : ( 4.995, 21.090 ) ( 5.040, 21.110 )


SPACING: Regular Wire of Net n_156 & Regular Wire of Net n_158  ( Metal1 )
Bounds : ( 18.025, 21.050 ) ( 18.035, 21.100 )


SPACING: Regular Wire of Net n_54  ( Metal1 )
Bounds : ( 19.140, 21.230 ) ( 19.185, 21.235 )


SPACING: Regular Wire of Net n_127  ( Metal1 )
Bounds : ( 12.815, 20.965 ) ( 12.865, 21.025 )


SPACING: Regular Wire of Net n_127  ( Metal1 )
Bounds : ( 12.615, 20.970 ) ( 12.635, 21.035 )


SPACING: Regular Wire of Net n_54 & Regular Wire of Net n_107  ( Metal2 )
Bounds : ( 21.860, 21.060 ) ( 21.940, 21.075 )


 Regular Wire of Net n_159  ( Metal2 )
Bounds : ( 19.860, 21.120 ) ( 19.940, 21.250 )


 Regular Wire of Net n_149  ( Metal2 )
Bounds : ( 12.460, 21.120 ) ( 12.540, 21.250 )


 Regular Wire of Net n_165  ( Metal2 )
Bounds : ( 14.260, 21.310 ) ( 14.340, 21.440 )


 Regular Wire of Net n_165  ( Metal2 )
Bounds : ( 13.260, 21.310 ) ( 13.340, 21.440 )


 Regular Wire of Net n_74  ( Metal2 )
Bounds : ( 21.460, 21.260 ) ( 21.540, 21.440 )


SPACING: Regular Wire of Net n_176  ( Metal1 )
Bounds : ( 30.380, 9.210 ) ( 30.435, 9.270 )


  Total Violations : 732 Viols.
