Begin Incremental Netlisting Nov  3 22:50:41 2018
WARNING (OSSHNL-225): The design variable 'CL', used in the last netlisting
session in the current
run directory is not used in this netlisting session. The
netlist(s) generated
in the last netlisting session cannot be reused for
incremental netlisting.
Therefore re-netlisting the design.

ERROR (OSSHNL-109): The cellview 'ELEC402/CELL_TB/schematic' has been modified
since the last extraction. Validate
that the schematic is correct and run Check
and Save to correct this error.

End netlisting Nov  3 22:50:41 2018
Begin Incremental Netlisting Nov  3 22:50:55 2018
End netlisting Nov  3 22:50:55 2018
Begin Incremental Netlisting Nov  3 22:53:07 2018
End netlisting Nov  3 22:53:07 2018
Begin Incremental Netlisting Nov  3 22:58:27 2018
End netlisting Nov  3 22:58:27 2018
Begin Incremental Netlisting Nov  3 22:59:46 2018
End netlisting Nov  3 22:59:46 2018
